{"/Users/jacobfreise/IdeaProjects/raggooner-open/frontend/src/composables/useGameLogic.ts": {"path":"/Users/jacobfreise/IdeaProjects/raggooner-open/frontend/src/composables/useGameLogic.ts","statementMap":{"0":{"start":{"line":12,"column":6},"end":{"line":12,"column":null}},"1":{"start":{"line":13,"column":6},"end":{"line":13,"column":null}},"2":{"start":{"line":20,"column":4},"end":{"line":24,"column":null}},"3":{"start":{"line":20,"column":16},"end":{"line":20,"column":41}},"4":{"start":{"line":21,"column":8},"end":{"line":23,"column":null}},"5":{"start":{"line":22,"column":12},"end":{"line":22,"column":null}},"6":{"start":{"line":27,"column":10},"end":{"line":27,"column":null}},"7":{"start":{"line":28,"column":10},"end":{"line":28,"column":null}},"8":{"start":{"line":29,"column":10},"end":{"line":29,"column":null}},"9":{"start":{"line":30,"column":10},"end":{"line":30,"column":null}},"10":{"start":{"line":33,"column":25},"end":{"line":36,"column":null}},"11":{"start":{"line":34,"column":8},"end":{"line":34,"column":null}},"12":{"start":{"line":34,"column":31},"end":{"line":34,"column":null}},"13":{"start":{"line":35,"column":8},"end":{"line":35,"column":null}},"14":{"start":{"line":35,"column":65},"end":{"line":35,"column":115}},"15":{"start":{"line":38,"column":28},"end":{"line":42,"column":null}},"16":{"start":{"line":39,"column":8},"end":{"line":39,"column":null}},"17":{"start":{"line":39,"column":31},"end":{"line":39,"column":null}},"18":{"start":{"line":40,"column":23},"end":{"line":40,"column":null}},"19":{"start":{"line":41,"column":8},"end":{"line":41,"column":null}},"20":{"start":{"line":44,"column":27},"end":{"line":54,"column":null}},"21":{"start":{"line":45,"column":8},"end":{"line":45,"column":null}},"22":{"start":{"line":45,"column":31},"end":{"line":45,"column":null}},"23":{"start":{"line":46,"column":21},"end":{"line":46,"column":null}},"24":{"start":{"line":47,"column":8},"end":{"line":52,"column":null}},"25":{"start":{"line":48,"column":25},"end":{"line":48,"column":54}},"26":{"start":{"line":50,"column":34},"end":{"line":50,"column":null}},"27":{"start":{"line":51,"column":16},"end":{"line":51,"column":null}},"28":{"start":{"line":51,"column":31},"end":{"line":51,"column":null}},"29":{"start":{"line":53,"column":8},"end":{"line":53,"column":null}},"30":{"start":{"line":57,"column":27},"end":{"line":65,"column":null}},"31":{"start":{"line":58,"column":8},"end":{"line":58,"column":null}},"32":{"start":{"line":58,"column":31},"end":{"line":58,"column":null}},"33":{"start":{"line":59,"column":21},"end":{"line":59,"column":null}},"34":{"start":{"line":60,"column":8},"end":{"line":63,"column":null}},"35":{"start":{"line":61,"column":30},"end":{"line":61,"column":null}},"36":{"start":{"line":62,"column":12},"end":{"line":62,"column":null}},"37":{"start":{"line":62,"column":27},"end":{"line":62,"column":null}},"38":{"start":{"line":64,"column":8},"end":{"line":64,"column":null}},"39":{"start":{"line":67,"column":30},"end":{"line":78,"column":null}},"40":{"start":{"line":68,"column":8},"end":{"line":68,"column":null}},"41":{"start":{"line":68,"column":42},"end":{"line":68,"column":null}},"42":{"start":{"line":69,"column":24},"end":{"line":69,"column":null}},"43":{"start":{"line":69,"column":63},"end":{"line":69,"column":80}},"44":{"start":{"line":72,"column":8},"end":{"line":77,"column":null}},"45":{"start":{"line":72,"column":33},"end":{"line":77,"column":10}},"46":{"start":{"line":77,"column":27},"end":{"line":77,"column":46}},"47":{"start":{"line":81,"column":10},"end":{"line":86,"column":null}},"48":{"start":{"line":82,"column":8},"end":{"line":82,"column":null}},"49":{"start":{"line":82,"column":40},"end":{"line":82,"column":null}},"50":{"start":{"line":83,"column":8},"end":{"line":85,"column":null}},"51":{"start":{"line":84,"column":12},"end":{"line":84,"column":null}},"52":{"start":{"line":88,"column":10},"end":{"line":92,"column":null}},"53":{"start":{"line":89,"column":8},"end":{"line":89,"column":null}},"54":{"start":{"line":89,"column":31},"end":{"line":89,"column":null}},"55":{"start":{"line":90,"column":22},"end":{"line":90,"column":null}},"56":{"start":{"line":90,"column":57},"end":{"line":90,"column":110}},"57":{"start":{"line":91,"column":8},"end":{"line":91,"column":null}},"58":{"start":{"line":91,"column":30},"end":{"line":91,"column":79}},"59":{"start":{"line":94,"column":10},"end":{"line":98,"column":null}},"60":{"start":{"line":95,"column":8},"end":{"line":95,"column":null}},"61":{"start":{"line":95,"column":31},"end":{"line":95,"column":null}},"62":{"start":{"line":96,"column":22},"end":{"line":96,"column":null}},"63":{"start":{"line":96,"column":57},"end":{"line":96,"column":72}},"64":{"start":{"line":97,"column":8},"end":{"line":97,"column":null}},"65":{"start":{"line":97,"column":30},"end":{"line":97,"column":79}},"66":{"start":{"line":100,"column":10},"end":{"line":104,"column":null}},"67":{"start":{"line":101,"column":8},"end":{"line":101,"column":null}},"68":{"start":{"line":101,"column":31},"end":{"line":101,"column":null}},"69":{"start":{"line":102,"column":22},"end":{"line":102,"column":null}},"70":{"start":{"line":102,"column":57},"end":{"line":102,"column":72}},"71":{"start":{"line":103,"column":8},"end":{"line":103,"column":null}},"72":{"start":{"line":103,"column":30},"end":{"line":103,"column":79}},"73":{"start":{"line":106,"column":10},"end":{"line":111,"column":null}},"74":{"start":{"line":107,"column":8},"end":{"line":107,"column":null}},"75":{"start":{"line":107,"column":31},"end":{"line":107,"column":null}},"76":{"start":{"line":108,"column":8},"end":{"line":110,"column":null}},"77":{"start":{"line":109,"column":25},"end":{"line":109,"column":35}},"78":{"start":{"line":110,"column":22},"end":{"line":110,"column":77}},"79":{"start":{"line":113,"column":10},"end":{"line":116,"column":null}},"80":{"start":{"line":114,"column":8},"end":{"line":114,"column":null}},"81":{"start":{"line":114,"column":58},"end":{"line":114,"column":null}},"82":{"start":{"line":115,"column":8},"end":{"line":115,"column":null}},"83":{"start":{"line":115,"column":68},"end":{"line":115,"column":133}},"84":{"start":{"line":119,"column":10},"end":{"line":131,"column":null}},"85":{"start":{"line":120,"column":8},"end":{"line":120,"column":null}},"86":{"start":{"line":120,"column":31},"end":{"line":120,"column":null}},"87":{"start":{"line":121,"column":8},"end":{"line":121,"column":null}},"88":{"start":{"line":121,"column":49},"end":{"line":121,"column":null}},"89":{"start":{"line":123,"column":23},"end":{"line":123,"column":null}},"90":{"start":{"line":124,"column":23},"end":{"line":124,"column":null}},"91":{"start":{"line":125,"column":23},"end":{"line":125,"column":null}},"92":{"start":{"line":126,"column":26},"end":{"line":126,"column":null}},"93":{"start":{"line":128,"column":8},"end":{"line":128,"column":null}},"94":{"start":{"line":128,"column":29},"end":{"line":128,"column":null}},"95":{"start":{"line":129,"column":8},"end":{"line":129,"column":null}},"96":{"start":{"line":129,"column":28},"end":{"line":129,"column":null}},"97":{"start":{"line":130,"column":8},"end":{"line":130,"column":null}},"98":{"start":{"line":133,"column":10},"end":{"line":138,"column":null}},"99":{"start":{"line":134,"column":8},"end":{"line":134,"column":null}},"100":{"start":{"line":134,"column":31},"end":{"line":134,"column":null}},"101":{"start":{"line":135,"column":8},"end":{"line":135,"column":null}},"102":{"start":{"line":135,"column":53},"end":{"line":135,"column":null}},"103":{"start":{"line":136,"column":28},"end":{"line":136,"column":null}},"104":{"start":{"line":136,"column":78},"end":{"line":136,"column":98}},"105":{"start":{"line":137,"column":8},"end":{"line":137,"column":null}},"106":{"start":{"line":140,"column":10},"end":{"line":140,"column":null}},"107":{"start":{"line":140,"column":41},"end":{"line":140,"column":96}},"108":{"start":{"line":143,"column":10},"end":{"line":199,"column":null}},"109":{"start":{"line":144,"column":8},"end":{"line":144,"column":null}},"110":{"start":{"line":144,"column":31},"end":{"line":144,"column":null}},"111":{"start":{"line":145,"column":20},"end":{"line":145,"column":null}},"112":{"start":{"line":146,"column":26},"end":{"line":146,"column":null}},"113":{"start":{"line":149,"column":8},"end":{"line":197,"column":null}},"114":{"start":{"line":151,"column":12},"end":{"line":159,"column":null}},"115":{"start":{"line":152,"column":16},"end":{"line":152,"column":null}},"116":{"start":{"line":152,"column":35},"end":{"line":152,"column":null}},"117":{"start":{"line":154,"column":24},"end":{"line":154,"column":null}},"118":{"start":{"line":155,"column":16},"end":{"line":158,"column":null}},"119":{"start":{"line":156,"column":20},"end":{"line":156,"column":null}},"120":{"start":{"line":157,"column":20},"end":{"line":157,"column":null}},"121":{"start":{"line":160,"column":8},"end":{"line":197,"column":null}},"122":{"start":{"line":163,"column":12},"end":{"line":172,"column":null}},"123":{"start":{"line":164,"column":16},"end":{"line":164,"column":null}},"124":{"start":{"line":164,"column":35},"end":{"line":164,"column":null}},"125":{"start":{"line":165,"column":16},"end":{"line":165,"column":null}},"126":{"start":{"line":165,"column":35},"end":{"line":165,"column":null}},"127":{"start":{"line":167,"column":24},"end":{"line":167,"column":null}},"128":{"start":{"line":168,"column":16},"end":{"line":171,"column":null}},"129":{"start":{"line":169,"column":20},"end":{"line":169,"column":null}},"130":{"start":{"line":170,"column":20},"end":{"line":170,"column":null}},"131":{"start":{"line":176,"column":12},"end":{"line":176,"column":null}},"132":{"start":{"line":176,"column":39},"end":{"line":176,"column":null}},"133":{"start":{"line":177,"column":12},"end":{"line":177,"column":null}},"134":{"start":{"line":177,"column":39},"end":{"line":177,"column":null}},"135":{"start":{"line":179,"column":28},"end":{"line":179,"column":null}},"136":{"start":{"line":180,"column":28},"end":{"line":180,"column":null}},"137":{"start":{"line":181,"column":26},"end":{"line":181,"column":null}},"138":{"start":{"line":182,"column":26},"end":{"line":182,"column":null}},"139":{"start":{"line":184,"column":12},"end":{"line":196,"column":null}},"140":{"start":{"line":185,"column":22},"end":{"line":185,"column":null}},"141":{"start":{"line":186,"column":16},"end":{"line":191,"column":null}},"142":{"start":{"line":186,"column":36},"end":{"line":186,"column":null}},"143":{"start":{"line":186,"column":54},"end":{"line":191,"column":null}},"144":{"start":{"line":187,"column":41},"end":{"line":187,"column":null}},"145":{"start":{"line":189,"column":20},"end":{"line":189,"column":null}},"146":{"start":{"line":190,"column":20},"end":{"line":190,"column":null}},"147":{"start":{"line":193,"column":16},"end":{"line":193,"column":null}},"148":{"start":{"line":193,"column":114},"end":{"line":193,"column":null}},"149":{"start":{"line":194,"column":16},"end":{"line":194,"column":null}},"150":{"start":{"line":194,"column":114},"end":{"line":194,"column":null}},"151":{"start":{"line":195,"column":12},"end":{"line":196,"column":null}},"152":{"start":{"line":195,"column":32},"end":{"line":195,"column":null}},"153":{"start":{"line":195,"column":50},"end":{"line":196,"column":null}},"154":{"start":{"line":196,"column":30},"end":{"line":196,"column":null}},"155":{"start":{"line":198,"column":8},"end":{"line":198,"column":null}},"156":{"start":{"line":201,"column":10},"end":{"line":383,"column":null}},"157":{"start":{"line":202,"column":8},"end":{"line":202,"column":null}},"158":{"start":{"line":202,"column":31},"end":{"line":202,"column":null}},"159":{"start":{"line":204,"column":26},"end":{"line":204,"column":null}},"160":{"start":{"line":205,"column":34},"end":{"line":205,"column":null}},"161":{"start":{"line":206,"column":24},"end":{"line":206,"column":null}},"162":{"start":{"line":207,"column":21},"end":{"line":207,"column":null}},"163":{"start":{"line":210,"column":8},"end":{"line":374,"column":null}},"164":{"start":{"line":211,"column":27},"end":{"line":215,"column":null}},"165":{"start":{"line":217,"column":12},"end":{"line":230,"column":null}},"166":{"start":{"line":218,"column":28},"end":{"line":218,"column":null}},"167":{"start":{"line":219,"column":31},"end":{"line":219,"column":null}},"168":{"start":{"line":220,"column":16},"end":{"line":229,"column":null}},"169":{"start":{"line":221,"column":20},"end":{"line":221,"column":null}},"170":{"start":{"line":222,"column":20},"end":{"line":222,"column":null}},"171":{"start":{"line":223,"column":20},"end":{"line":225,"column":null}},"172":{"start":{"line":224,"column":24},"end":{"line":224,"column":null}},"173":{"start":{"line":226,"column":20},"end":{"line":226,"column":null}},"174":{"start":{"line":228,"column":20},"end":{"line":228,"column":null}},"175":{"start":{"line":231,"column":8},"end":{"line":374,"column":null}},"176":{"start":{"line":235,"column":27},"end":{"line":235,"column":null}},"177":{"start":{"line":236,"column":12},"end":{"line":265,"column":null}},"178":{"start":{"line":237,"column":30},"end":{"line":237,"column":null}},"179":{"start":{"line":238,"column":31},"end":{"line":238,"column":null}},"180":{"start":{"line":239,"column":30},"end":{"line":239,"column":null}},"181":{"start":{"line":241,"column":16},"end":{"line":264,"column":null}},"182":{"start":{"line":242,"column":20},"end":{"line":260,"column":null}},"183":{"start":{"line":244,"column":24},"end":{"line":244,"column":null}},"184":{"start":{"line":245,"column":24},"end":{"line":245,"column":null}},"185":{"start":{"line":246,"column":24},"end":{"line":246,"column":null}},"186":{"start":{"line":247,"column":24},"end":{"line":249,"column":null}},"187":{"start":{"line":248,"column":28},"end":{"line":248,"column":null}},"188":{"start":{"line":250,"column":24},"end":{"line":250,"column":null}},"189":{"start":{"line":253,"column":24},"end":{"line":253,"column":null}},"190":{"start":{"line":254,"column":24},"end":{"line":254,"column":null}},"191":{"start":{"line":255,"column":24},"end":{"line":255,"column":null}},"192":{"start":{"line":256,"column":24},"end":{"line":258,"column":null}},"193":{"start":{"line":257,"column":28},"end":{"line":257,"column":null}},"194":{"start":{"line":259,"column":24},"end":{"line":259,"column":null}},"195":{"start":{"line":262,"column":20},"end":{"line":262,"column":null}},"196":{"start":{"line":263,"column":20},"end":{"line":263,"column":null}},"197":{"start":{"line":270,"column":33},"end":{"line":270,"column":null}},"198":{"start":{"line":271,"column":41},"end":{"line":271,"column":null}},"199":{"start":{"line":274,"column":25},"end":{"line":274,"column":null}},"200":{"start":{"line":275,"column":25},"end":{"line":275,"column":null}},"201":{"start":{"line":276,"column":27},"end":{"line":276,"column":null}},"202":{"start":{"line":278,"column":12},"end":{"line":298,"column":null}},"203":{"start":{"line":280,"column":16},"end":{"line":280,"column":null}},"204":{"start":{"line":281,"column":16},"end":{"line":281,"column":null}},"205":{"start":{"line":282,"column":16},"end":{"line":282,"column":null}},"206":{"start":{"line":285,"column":16},"end":{"line":288,"column":null}},"207":{"start":{"line":286,"column":20},"end":{"line":286,"column":null}},"208":{"start":{"line":287,"column":20},"end":{"line":287,"column":null}},"209":{"start":{"line":290,"column":16},"end":{"line":290,"column":null}},"210":{"start":{"line":292,"column":16},"end":{"line":292,"column":null}},"211":{"start":{"line":293,"column":16},"end":{"line":293,"column":null}},"212":{"start":{"line":295,"column":16},"end":{"line":297,"column":null}},"213":{"start":{"line":296,"column":20},"end":{"line":296,"column":null}},"214":{"start":{"line":301,"column":25},"end":{"line":301,"column":null}},"215":{"start":{"line":302,"column":25},"end":{"line":302,"column":null}},"216":{"start":{"line":303,"column":27},"end":{"line":303,"column":null}},"217":{"start":{"line":305,"column":12},"end":{"line":325,"column":null}},"218":{"start":{"line":307,"column":16},"end":{"line":307,"column":null}},"219":{"start":{"line":308,"column":16},"end":{"line":308,"column":null}},"220":{"start":{"line":309,"column":16},"end":{"line":309,"column":null}},"221":{"start":{"line":312,"column":16},"end":{"line":315,"column":null}},"222":{"start":{"line":313,"column":20},"end":{"line":313,"column":null}},"223":{"start":{"line":314,"column":20},"end":{"line":314,"column":null}},"224":{"start":{"line":317,"column":16},"end":{"line":317,"column":null}},"225":{"start":{"line":319,"column":16},"end":{"line":319,"column":null}},"226":{"start":{"line":320,"column":16},"end":{"line":320,"column":null}},"227":{"start":{"line":322,"column":16},"end":{"line":324,"column":null}},"228":{"start":{"line":323,"column":20},"end":{"line":323,"column":null}},"229":{"start":{"line":328,"column":12},"end":{"line":328,"column":null}},"230":{"start":{"line":331,"column":12},"end":{"line":331,"column":null}},"231":{"start":{"line":331,"column":34},"end":{"line":331,"column":84}},"232":{"start":{"line":334,"column":12},"end":{"line":373,"column":null}},"233":{"start":{"line":335,"column":38},"end":{"line":335,"column":null}},"234":{"start":{"line":336,"column":35},"end":{"line":336,"column":null}},"235":{"start":{"line":339,"column":16},"end":{"line":365,"column":null}},"236":{"start":{"line":341,"column":20},"end":{"line":353,"column":null}},"237":{"start":{"line":342,"column":30},"end":{"line":342,"column":null}},"238":{"start":{"line":344,"column":24},"end":{"line":352,"column":null}},"239":{"start":{"line":346,"column":28},"end":{"line":346,"column":null}},"240":{"start":{"line":346,"column":51},"end":{"line":346,"column":null}},"241":{"start":{"line":347,"column":28},"end":{"line":347,"column":null}},"242":{"start":{"line":347,"column":57},"end":{"line":347,"column":null}},"243":{"start":{"line":348,"column":28},"end":{"line":348,"column":null}},"244":{"start":{"line":349,"column":24},"end":{"line":352,"column":null}},"245":{"start":{"line":351,"column":28},"end":{"line":351,"column":null}},"246":{"start":{"line":355,"column":20},"end":{"line":355,"column":null}},"247":{"start":{"line":358,"column":20},"end":{"line":362,"column":null}},"248":{"start":{"line":358,"column":30},"end":{"line":358,"column":33}},"249":{"start":{"line":359,"column":34},"end":{"line":359,"column":null}},"250":{"start":{"line":360,"column":24},"end":{"line":360,"column":null}},"251":{"start":{"line":360,"column":47},"end":{"line":360,"column":null}},"252":{"start":{"line":361,"column":24},"end":{"line":361,"column":null}},"253":{"start":{"line":361,"column":53},"end":{"line":361,"column":null}},"254":{"start":{"line":363,"column":20},"end":{"line":363,"column":null}},"255":{"start":{"line":364,"column":20},"end":{"line":364,"column":null}},"256":{"start":{"line":368,"column":16},"end":{"line":371,"column":null}},"257":{"start":{"line":369,"column":20},"end":{"line":369,"column":null}},"258":{"start":{"line":369,"column":43},"end":{"line":369,"column":null}},"259":{"start":{"line":370,"column":20},"end":{"line":370,"column":null}},"260":{"start":{"line":370,"column":49},"end":{"line":370,"column":null}},"261":{"start":{"line":372,"column":16},"end":{"line":372,"column":null}},"262":{"start":{"line":377,"column":8},"end":{"line":379,"column":null}},"263":{"start":{"line":378,"column":12},"end":{"line":378,"column":null}},"264":{"start":{"line":378,"column":33},"end":{"line":378,"column":null}},"265":{"start":{"line":381,"column":30},"end":{"line":381,"column":null}},"266":{"start":{"line":381,"column":65},"end":{"line":381,"column":82}},"267":{"start":{"line":382,"column":8},"end":{"line":382,"column":null}},"268":{"start":{"line":386,"column":30},"end":{"line":388,"column":null}},"269":{"start":{"line":387,"column":8},"end":{"line":387,"column":null}},"270":{"start":{"line":391,"column":33},"end":{"line":407,"column":null}},"271":{"start":{"line":392,"column":21},"end":{"line":392,"column":null}},"272":{"start":{"line":392,"column":55},"end":{"line":392,"column":70}},"273":{"start":{"line":393,"column":8},"end":{"line":393,"column":null}},"274":{"start":{"line":393,"column":19},"end":{"line":393,"column":null}},"275":{"start":{"line":395,"column":23},"end":{"line":395,"column":null}},"276":{"start":{"line":396,"column":8},"end":{"line":396,"column":null}},"277":{"start":{"line":396,"column":26},"end":{"line":396,"column":null}},"278":{"start":{"line":398,"column":33},"end":{"line":398,"column":null}},"279":{"start":{"line":400,"column":8},"end":{"line":402,"column":null}},"280":{"start":{"line":401,"column":12},"end":{"line":401,"column":null}},"281":{"start":{"line":404,"column":8},"end":{"line":404,"column":null}},"282":{"start":{"line":404,"column":62},"end":{"line":404,"column":null}},"283":{"start":{"line":405,"column":8},"end":{"line":405,"column":null}},"284":{"start":{"line":405,"column":54},"end":{"line":405,"column":69}},"285":{"start":{"line":405,"column":72},"end":{"line":405,"column":null}},"286":{"start":{"line":406,"column":8},"end":{"line":406,"column":null}},"287":{"start":{"line":409,"column":27},"end":{"line":420,"column":null}},"288":{"start":{"line":410,"column":8},"end":{"line":410,"column":null}},"289":{"start":{"line":410,"column":31},"end":{"line":410,"column":null}},"290":{"start":{"line":411,"column":29},"end":{"line":415,"column":null}},"291":{"start":{"line":411,"column":62},"end":{"line":415,"column":10}},"292":{"start":{"line":416,"column":8},"end":{"line":416,"column":null}},"293":{"start":{"line":418,"column":8},"end":{"line":418,"column":null}},"294":{"start":{"line":419,"column":8},"end":{"line":419,"column":null}},"295":{"start":{"line":422,"column":28},"end":{"line":436,"column":null}},"296":{"start":{"line":423,"column":8},"end":{"line":423,"column":null}},"297":{"start":{"line":423,"column":31},"end":{"line":423,"column":null}},"298":{"start":{"line":424,"column":39},"end":{"line":424,"column":null}},"299":{"start":{"line":426,"column":8},"end":{"line":434,"column":null}},"300":{"start":{"line":427,"column":12},"end":{"line":427,"column":null}},"301":{"start":{"line":429,"column":12},"end":{"line":429,"column":null}},"302":{"start":{"line":430,"column":12},"end":{"line":430,"column":null}},"303":{"start":{"line":432,"column":12},"end":{"line":432,"column":null}},"304":{"start":{"line":433,"column":12},"end":{"line":433,"column":null}},"305":{"start":{"line":435,"column":8},"end":{"line":435,"column":null}},"306":{"start":{"line":438,"column":28},"end":{"line":446,"column":null}},"307":{"start":{"line":439,"column":8},"end":{"line":445,"column":null}},"308":{"start":{"line":440,"column":12},"end":{"line":440,"column":null}},"309":{"start":{"line":441,"column":12},"end":{"line":441,"column":null}},"310":{"start":{"line":443,"column":12},"end":{"line":443,"column":null}},"311":{"start":{"line":444,"column":12},"end":{"line":444,"column":null}},"312":{"start":{"line":448,"column":39},"end":{"line":461,"column":null}},"313":{"start":{"line":449,"column":8},"end":{"line":449,"column":null}},"314":{"start":{"line":449,"column":31},"end":{"line":449,"column":null}},"315":{"start":{"line":452,"column":8},"end":{"line":460,"column":null}},"316":{"start":{"line":453,"column":12},"end":{"line":453,"column":null}},"317":{"start":{"line":454,"column":12},"end":{"line":459,"column":null}},"318":{"start":{"line":456,"column":16},"end":{"line":456,"column":null}},"319":{"start":{"line":458,"column":16},"end":{"line":458,"column":null}},"320":{"start":{"line":463,"column":29},"end":{"line":470,"column":null}},"321":{"start":{"line":464,"column":8},"end":{"line":464,"column":null}},"322":{"start":{"line":467,"column":8},"end":{"line":467,"column":null}},"323":{"start":{"line":468,"column":8},"end":{"line":468,"column":null}},"324":{"start":{"line":469,"column":8},"end":{"line":469,"column":null}},"325":{"start":{"line":474,"column":27},"end":{"line":483,"column":null}},"326":{"start":{"line":475,"column":8},"end":{"line":475,"column":null}},"327":{"start":{"line":475,"column":30},"end":{"line":475,"column":null}},"328":{"start":{"line":476,"column":24},"end":{"line":481,"column":null}},"329":{"start":{"line":476,"column":77},"end":{"line":481,"column":10}},"330":{"start":{"line":482,"column":8},"end":{"line":482,"column":null}},"331":{"start":{"line":482,"column":38},"end":{"line":482,"column":61}},"332":{"start":{"line":485,"column":36},"end":{"line":507,"column":null}},"333":{"start":{"line":486,"column":8},"end":{"line":486,"column":null}},"334":{"start":{"line":486,"column":58},"end":{"line":486,"column":null}},"335":{"start":{"line":487,"column":54},"end":{"line":487,"column":null}},"336":{"start":{"line":489,"column":30},"end":{"line":496,"column":null}},"337":{"start":{"line":490,"column":25},"end":{"line":490,"column":69}},"338":{"start":{"line":492,"column":31},"end":{"line":492,"column":null}},"339":{"start":{"line":493,"column":31},"end":{"line":493,"column":null}},"340":{"start":{"line":494,"column":16},"end":{"line":494,"column":null}},"341":{"start":{"line":494,"column":39},"end":{"line":494,"column":null}},"342":{"start":{"line":495,"column":16},"end":{"line":495,"column":null}},"343":{"start":{"line":498,"column":8},"end":{"line":506,"column":null}},"344":{"start":{"line":499,"column":24},"end":{"line":499,"column":null}},"345":{"start":{"line":500,"column":12},"end":{"line":505,"column":null}},"346":{"start":{"line":509,"column":31},"end":{"line":539,"column":null}},"347":{"start":{"line":510,"column":8},"end":{"line":510,"column":null}},"348":{"start":{"line":510,"column":31},"end":{"line":510,"column":null}},"349":{"start":{"line":512,"column":34},"end":{"line":512,"column":null}},"350":{"start":{"line":513,"column":8},"end":{"line":521,"column":null}},"351":{"start":{"line":514,"column":12},"end":{"line":514,"column":null}},"352":{"start":{"line":514,"column":61},"end":{"line":514,"column":71}},"353":{"start":{"line":514,"column":87},"end":{"line":514,"column":118}},"354":{"start":{"line":515,"column":8},"end":{"line":521,"column":null}},"355":{"start":{"line":516,"column":12},"end":{"line":520,"column":null}},"356":{"start":{"line":517,"column":16},"end":{"line":517,"column":null}},"357":{"start":{"line":517,"column":65},"end":{"line":517,"column":88}},"358":{"start":{"line":517,"column":104},"end":{"line":517,"column":123}},"359":{"start":{"line":519,"column":16},"end":{"line":519,"column":null}},"360":{"start":{"line":519,"column":67},"end":{"line":519,"column":86}},"361":{"start":{"line":523,"column":85},"end":{"line":523,"column":null}},"362":{"start":{"line":524,"column":8},"end":{"line":527,"column":null}},"363":{"start":{"line":525,"column":12},"end":{"line":525,"column":null}},"364":{"start":{"line":526,"column":12},"end":{"line":526,"column":null}},"365":{"start":{"line":526,"column":39},"end":{"line":526,"column":168}},"366":{"start":{"line":530,"column":14},"end":{"line":533,"column":null}},"367":{"start":{"line":531,"column":25},"end":{"line":531,"column":48}},"368":{"start":{"line":532,"column":22},"end":{"line":532,"column":59}},"369":{"start":{"line":533,"column":40},"end":{"line":533,"column":43}},"370":{"start":{"line":536,"column":8},"end":{"line":536,"column":null}},"371":{"start":{"line":538,"column":8},"end":{"line":538,"column":null}},"372":{"start":{"line":542,"column":21},"end":{"line":544,"column":null}},"373":{"start":{"line":543,"column":8},"end":{"line":543,"column":null}},"374":{"start":{"line":546,"column":22},"end":{"line":551,"column":null}},"375":{"start":{"line":547,"column":8},"end":{"line":547,"column":null}},"376":{"start":{"line":547,"column":31},"end":{"line":547,"column":null}},"377":{"start":{"line":548,"column":32},"end":{"line":548,"column":null}},"378":{"start":{"line":549,"column":25},"end":{"line":549,"column":null}},"379":{"start":{"line":550,"column":8},"end":{"line":550,"column":null}},"380":{"start":{"line":555,"column":24},"end":{"line":559,"column":null}},"381":{"start":{"line":556,"column":8},"end":{"line":556,"column":null}},"382":{"start":{"line":556,"column":70},"end":{"line":556,"column":null}},"383":{"start":{"line":557,"column":21},"end":{"line":557,"column":null}},"384":{"start":{"line":557,"column":54},"end":{"line":557,"column":69}},"385":{"start":{"line":558,"column":8},"end":{"line":558,"column":null}},"386":{"start":{"line":562,"column":30},"end":{"line":593,"column":null}},"387":{"start":{"line":563,"column":8},"end":{"line":563,"column":null}},"388":{"start":{"line":563,"column":31},"end":{"line":563,"column":null}},"389":{"start":{"line":564,"column":8},"end":{"line":564,"column":null}},"390":{"start":{"line":566,"column":22},"end":{"line":566,"column":null}},"391":{"start":{"line":568,"column":44},"end":{"line":573,"column":null}},"392":{"start":{"line":576,"column":26},"end":{"line":584,"column":null}},"393":{"start":{"line":577,"column":12},"end":{"line":582,"column":null}},"394":{"start":{"line":578,"column":16},"end":{"line":581,"column":null}},"395":{"start":{"line":583,"column":12},"end":{"line":583,"column":null}},"396":{"start":{"line":586,"column":8},"end":{"line":592,"column":null}},"397":{"start":{"line":587,"column":12},"end":{"line":587,"column":null}},"398":{"start":{"line":589,"column":12},"end":{"line":589,"column":null}},"399":{"start":{"line":591,"column":12},"end":{"line":591,"column":null}},"400":{"start":{"line":596,"column":33},"end":{"line":618,"column":null}},"401":{"start":{"line":597,"column":8},"end":{"line":597,"column":null}},"402":{"start":{"line":597,"column":31},"end":{"line":597,"column":null}},"403":{"start":{"line":598,"column":8},"end":{"line":598,"column":null}},"404":{"start":{"line":601,"column":26},"end":{"line":609,"column":null}},"405":{"start":{"line":602,"column":12},"end":{"line":607,"column":null}},"406":{"start":{"line":603,"column":16},"end":{"line":606,"column":null}},"407":{"start":{"line":605,"column":59},"end":{"line":605,"column":80}},"408":{"start":{"line":608,"column":12},"end":{"line":608,"column":null}},"409":{"start":{"line":611,"column":8},"end":{"line":617,"column":null}},"410":{"start":{"line":612,"column":12},"end":{"line":612,"column":null}},"411":{"start":{"line":614,"column":12},"end":{"line":614,"column":null}},"412":{"start":{"line":616,"column":12},"end":{"line":616,"column":null}},"413":{"start":{"line":620,"column":10},"end":{"line":631,"column":null}},"414":{"start":{"line":621,"column":8},"end":{"line":621,"column":null}},"415":{"start":{"line":621,"column":71},"end":{"line":621,"column":null}},"416":{"start":{"line":623,"column":24},"end":{"line":623,"column":null}},"417":{"start":{"line":628,"column":8},"end":{"line":630,"column":null}},"418":{"start":{"line":628,"column":46},"end":{"line":629,"column":null}},"419":{"start":{"line":638,"column":31},"end":{"line":655,"column":null}},"420":{"start":{"line":639,"column":8},"end":{"line":639,"column":null}},"421":{"start":{"line":639,"column":24},"end":{"line":639,"column":null}},"422":{"start":{"line":641,"column":28},"end":{"line":641,"column":null}},"423":{"start":{"line":642,"column":25},"end":{"line":642,"column":null}},"424":{"start":{"line":646,"column":14},"end":{"line":646,"column":null}},"425":{"start":{"line":648,"column":8},"end":{"line":652,"column":null}},"426":{"start":{"line":651,"column":12},"end":{"line":651,"column":null}},"427":{"start":{"line":654,"column":8},"end":{"line":654,"column":null}},"428":{"start":{"line":658,"column":10},"end":{"line":658,"column":null}},"429":{"start":{"line":659,"column":10},"end":{"line":659,"column":null}},"430":{"start":{"line":661,"column":27},"end":{"line":678,"column":null}},"431":{"start":{"line":662,"column":8},"end":{"line":662,"column":null}},"432":{"start":{"line":662,"column":31},"end":{"line":662,"column":null}},"433":{"start":{"line":663,"column":14},"end":{"line":663,"column":null}},"434":{"start":{"line":664,"column":8},"end":{"line":677,"column":null}},"435":{"start":{"line":665,"column":12},"end":{"line":665,"column":null}},"436":{"start":{"line":666,"column":12},"end":{"line":666,"column":null}},"437":{"start":{"line":668,"column":12},"end":{"line":668,"column":null}},"438":{"start":{"line":669,"column":33},"end":{"line":669,"column":null}},"439":{"start":{"line":670,"column":55},"end":{"line":670,"column":null}},"440":{"start":{"line":671,"column":12},"end":{"line":675,"column":null}},"441":{"start":{"line":672,"column":16},"end":{"line":674,"column":null}},"442":{"start":{"line":673,"column":20},"end":{"line":673,"column":null}},"443":{"start":{"line":676,"column":12},"end":{"line":676,"column":null}},"444":{"start":{"line":680,"column":28},"end":{"line":694,"column":null}},"445":{"start":{"line":681,"column":29},"end":{"line":683,"column":null}},"446":{"start":{"line":682,"column":21},"end":{"line":682,"column":null}},"447":{"start":{"line":685,"column":8},"end":{"line":693,"column":null}},"448":{"start":{"line":686,"column":12},"end":{"line":686,"column":null}},"449":{"start":{"line":688,"column":27},"end":{"line":688,"column":null}},"450":{"start":{"line":689,"column":12},"end":{"line":691,"column":null}},"451":{"start":{"line":690,"column":16},"end":{"line":690,"column":null}},"452":{"start":{"line":692,"column":12},"end":{"line":692,"column":null}},"453":{"start":{"line":697,"column":32},"end":{"line":750,"column":null}},"454":{"start":{"line":698,"column":8},"end":{"line":698,"column":null}},"455":{"start":{"line":698,"column":31},"end":{"line":698,"column":null}},"456":{"start":{"line":699,"column":8},"end":{"line":699,"column":null}},"457":{"start":{"line":700,"column":22},"end":{"line":700,"column":null}},"458":{"start":{"line":701,"column":14},"end":{"line":701,"column":null}},"459":{"start":{"line":703,"column":29},"end":{"line":703,"column":null}},"460":{"start":{"line":704,"column":31},"end":{"line":713,"column":null}},"461":{"start":{"line":715,"column":30},"end":{"line":715,"column":null}},"462":{"start":{"line":718,"column":8},"end":{"line":722,"column":null}},"463":{"start":{"line":719,"column":12},"end":{"line":721,"column":null}},"464":{"start":{"line":720,"column":16},"end":{"line":720,"column":null}},"465":{"start":{"line":720,"column":38},"end":{"line":720,"column":null}},"466":{"start":{"line":724,"column":8},"end":{"line":726,"column":null}},"467":{"start":{"line":725,"column":12},"end":{"line":725,"column":null}},"468":{"start":{"line":725,"column":34},"end":{"line":725,"column":null}},"469":{"start":{"line":728,"column":8},"end":{"line":730,"column":null}},"470":{"start":{"line":729,"column":12},"end":{"line":729,"column":null}},"471":{"start":{"line":732,"column":8},"end":{"line":732,"column":null}},"472":{"start":{"line":733,"column":8},"end":{"line":733,"column":null}},"473":{"start":{"line":735,"column":35},"end":{"line":738,"column":null}},"474":{"start":{"line":740,"column":8},"end":{"line":749,"column":null}},"475":{"start":{"line":741,"column":12},"end":{"line":744,"column":null}},"476":{"start":{"line":746,"column":12},"end":{"line":746,"column":null}},"477":{"start":{"line":748,"column":12},"end":{"line":748,"column":null}},"478":{"start":{"line":753,"column":27},"end":{"line":799,"column":null}},"479":{"start":{"line":754,"column":8},"end":{"line":754,"column":null}},"480":{"start":{"line":754,"column":31},"end":{"line":754,"column":null}},"481":{"start":{"line":755,"column":8},"end":{"line":755,"column":null}},"482":{"start":{"line":755,"column":26},"end":{"line":755,"column":null}},"483":{"start":{"line":756,"column":8},"end":{"line":756,"column":null}},"484":{"start":{"line":758,"column":31},"end":{"line":758,"column":null}},"485":{"start":{"line":759,"column":22},"end":{"line":759,"column":null}},"486":{"start":{"line":760,"column":14},"end":{"line":760,"column":null}},"487":{"start":{"line":762,"column":51},"end":{"line":762,"column":null}},"488":{"start":{"line":763,"column":8},"end":{"line":765,"column":null}},"489":{"start":{"line":764,"column":12},"end":{"line":764,"column":null}},"490":{"start":{"line":767,"column":31},"end":{"line":774,"column":null}},"491":{"start":{"line":776,"column":8},"end":{"line":776,"column":null}},"492":{"start":{"line":778,"column":35},"end":{"line":781,"column":null}},"493":{"start":{"line":783,"column":8},"end":{"line":798,"column":null}},"494":{"start":{"line":784,"column":12},"end":{"line":787,"column":null}},"495":{"start":{"line":789,"column":12},"end":{"line":789,"column":null}},"496":{"start":{"line":791,"column":12},"end":{"line":791,"column":null}},"497":{"start":{"line":792,"column":12},"end":{"line":792,"column":null}},"498":{"start":{"line":793,"column":12},"end":{"line":793,"column":null}},"499":{"start":{"line":795,"column":12},"end":{"line":795,"column":null}},"500":{"start":{"line":797,"column":12},"end":{"line":797,"column":null}},"501":{"start":{"line":801,"column":4},"end":{"line":846,"column":null}}},"fnMap":{"0":{"name":"useGameLogic","decl":{"start":{"line":15,"column":16},"end":{"line":15,"column":null}},"loc":{"start":{"line":18,"column":2},"end":{"line":847,"column":null}},"line":18},"1":{"name":"(anonymous_1)","decl":{"start":{"line":20,"column":10},"end":{"line":20,"column":16}},"loc":{"start":{"line":20,"column":16},"end":{"line":20,"column":41}},"line":20},"2":{"name":"(anonymous_2)","decl":{"start":{"line":20,"column":41},"end":{"line":20,"column":42}},"loc":{"start":{"line":20,"column":55},"end":{"line":24,"column":7}},"line":20},"3":{"name":"(anonymous_3)","decl":{"start":{"line":33,"column":25},"end":{"line":33,"column":26}},"loc":{"start":{"line":33,"column":44},"end":{"line":36,"column":null}},"line":33},"4":{"name":"(anonymous_4)","decl":{"start":{"line":35,"column":60},"end":{"line":35,"column":65}},"loc":{"start":{"line":35,"column":65},"end":{"line":35,"column":115}},"line":35},"5":{"name":"(anonymous_5)","decl":{"start":{"line":38,"column":28},"end":{"line":38,"column":29}},"loc":{"start":{"line":38,"column":45},"end":{"line":42,"column":null}},"line":38},"6":{"name":"(anonymous_6)","decl":{"start":{"line":44,"column":27},"end":{"line":44,"column":28}},"loc":{"start":{"line":44,"column":49},"end":{"line":54,"column":null}},"line":44},"7":{"name":"(anonymous_7)","decl":{"start":{"line":48,"column":20},"end":{"line":48,"column":25}},"loc":{"start":{"line":48,"column":25},"end":{"line":48,"column":54}},"line":48},"8":{"name":"(anonymous_8)","decl":{"start":{"line":49,"column":21},"end":{"line":49,"column":29}},"loc":{"start":{"line":49,"column":29},"end":{"line":52,"column":13}},"line":49},"9":{"name":"(anonymous_9)","decl":{"start":{"line":57,"column":27},"end":{"line":57,"column":28}},"loc":{"start":{"line":57,"column":49},"end":{"line":65,"column":null}},"line":57},"10":{"name":"(anonymous_10)","decl":{"start":{"line":60,"column":54},"end":{"line":60,"column":62}},"loc":{"start":{"line":60,"column":62},"end":{"line":63,"column":9}},"line":60},"11":{"name":"(anonymous_11)","decl":{"start":{"line":67,"column":30},"end":{"line":67,"column":31}},"loc":{"start":{"line":67,"column":49},"end":{"line":78,"column":null}},"line":67},"12":{"name":"(anonymous_12)","decl":{"start":{"line":69,"column":58},"end":{"line":69,"column":63}},"loc":{"start":{"line":69,"column":63},"end":{"line":69,"column":80}},"line":69},"13":{"name":"(anonymous_13)","decl":{"start":{"line":72,"column":27},"end":{"line":72,"column":33}},"loc":{"start":{"line":72,"column":33},"end":{"line":77,"column":10}},"line":72},"14":{"name":"(anonymous_14)","decl":{"start":{"line":77,"column":17},"end":{"line":77,"column":18}},"loc":{"start":{"line":77,"column":27},"end":{"line":77,"column":46}},"line":77},"15":{"name":"(anonymous_15)","decl":{"start":{"line":81,"column":35},"end":{"line":81,"column":41}},"loc":{"start":{"line":81,"column":41},"end":{"line":86,"column":5}},"line":81},"16":{"name":"(anonymous_16)","decl":{"start":{"line":83,"column":60},"end":{"line":83,"column":61}},"loc":{"start":{"line":84,"column":12},"end":{"line":84,"column":null}},"line":84},"17":{"name":"(anonymous_17)","decl":{"start":{"line":88,"column":42},"end":{"line":88,"column":48}},"loc":{"start":{"line":88,"column":48},"end":{"line":92,"column":5}},"line":88},"18":{"name":"(anonymous_18)","decl":{"start":{"line":90,"column":52},"end":{"line":90,"column":57}},"loc":{"start":{"line":90,"column":57},"end":{"line":90,"column":110}},"line":90},"19":{"name":"(anonymous_19)","decl":{"start":{"line":91,"column":26},"end":{"line":91,"column":27}},"loc":{"start":{"line":91,"column":30},"end":{"line":91,"column":79}},"line":91},"20":{"name":"(anonymous_20)","decl":{"start":{"line":94,"column":42},"end":{"line":94,"column":48}},"loc":{"start":{"line":94,"column":48},"end":{"line":98,"column":5}},"line":94},"21":{"name":"(anonymous_21)","decl":{"start":{"line":96,"column":52},"end":{"line":96,"column":57}},"loc":{"start":{"line":96,"column":57},"end":{"line":96,"column":72}},"line":96},"22":{"name":"(anonymous_22)","decl":{"start":{"line":97,"column":26},"end":{"line":97,"column":27}},"loc":{"start":{"line":97,"column":30},"end":{"line":97,"column":79}},"line":97},"23":{"name":"(anonymous_23)","decl":{"start":{"line":100,"column":42},"end":{"line":100,"column":48}},"loc":{"start":{"line":100,"column":48},"end":{"line":104,"column":5}},"line":100},"24":{"name":"(anonymous_24)","decl":{"start":{"line":102,"column":52},"end":{"line":102,"column":57}},"loc":{"start":{"line":102,"column":57},"end":{"line":102,"column":72}},"line":102},"25":{"name":"(anonymous_25)","decl":{"start":{"line":103,"column":26},"end":{"line":103,"column":27}},"loc":{"start":{"line":103,"column":30},"end":{"line":103,"column":79}},"line":103},"26":{"name":"(anonymous_26)","decl":{"start":{"line":106,"column":47},"end":{"line":106,"column":53}},"loc":{"start":{"line":106,"column":53},"end":{"line":111,"column":5}},"line":106},"27":{"name":"(anonymous_27)","decl":{"start":{"line":109,"column":20},"end":{"line":109,"column":25}},"loc":{"start":{"line":109,"column":25},"end":{"line":109,"column":35}},"line":109},"28":{"name":"(anonymous_28)","decl":{"start":{"line":110,"column":18},"end":{"line":110,"column":19}},"loc":{"start":{"line":110,"column":22},"end":{"line":110,"column":77}},"line":110},"29":{"name":"(anonymous_29)","decl":{"start":{"line":113,"column":41},"end":{"line":113,"column":47}},"loc":{"start":{"line":113,"column":47},"end":{"line":116,"column":5}},"line":113},"30":{"name":"(anonymous_30)","decl":{"start":{"line":115,"column":58},"end":{"line":115,"column":59}},"loc":{"start":{"line":115,"column":68},"end":{"line":115,"column":133}},"line":115},"31":{"name":"(anonymous_31)","decl":{"start":{"line":119,"column":40},"end":{"line":119,"column":46}},"loc":{"start":{"line":119,"column":46},"end":{"line":131,"column":5}},"line":119},"32":{"name":"(anonymous_32)","decl":{"start":{"line":133,"column":38},"end":{"line":133,"column":44}},"loc":{"start":{"line":133,"column":44},"end":{"line":138,"column":5}},"line":133},"33":{"name":"(anonymous_33)","decl":{"start":{"line":136,"column":73},"end":{"line":136,"column":78}},"loc":{"start":{"line":136,"column":78},"end":{"line":136,"column":98}},"line":136},"34":{"name":"(anonymous_34)","decl":{"start":{"line":140,"column":35},"end":{"line":140,"column":41}},"loc":{"start":{"line":140,"column":41},"end":{"line":140,"column":96}},"line":140},"35":{"name":"(anonymous_35)","decl":{"start":{"line":143,"column":38},"end":{"line":143,"column":44}},"loc":{"start":{"line":143,"column":44},"end":{"line":199,"column":5}},"line":143},"36":{"name":"(anonymous_36)","decl":{"start":{"line":151,"column":63},"end":{"line":151,"column":71}},"loc":{"start":{"line":151,"column":71},"end":{"line":159,"column":13}},"line":151},"37":{"name":"(anonymous_37)","decl":{"start":{"line":163,"column":49},"end":{"line":163,"column":57}},"loc":{"start":{"line":163,"column":57},"end":{"line":172,"column":13}},"line":163},"38":{"name":"(anonymous_38)","decl":{"start":{"line":201,"column":42},"end":{"line":201,"column":48}},"loc":{"start":{"line":201,"column":48},"end":{"line":383,"column":5}},"line":201},"39":{"name":"(anonymous_39)","decl":{"start":{"line":217,"column":27},"end":{"line":217,"column":32}},"loc":{"start":{"line":217,"column":32},"end":{"line":230,"column":13}},"line":217},"40":{"name":"(anonymous_40)","decl":{"start":{"line":236,"column":27},"end":{"line":236,"column":35}},"loc":{"start":{"line":236,"column":35},"end":{"line":265,"column":13}},"line":236},"41":{"name":"(anonymous_41)","decl":{"start":{"line":331,"column":30},"end":{"line":331,"column":31}},"loc":{"start":{"line":331,"column":34},"end":{"line":331,"column":84}},"line":331},"42":{"name":"(anonymous_42)","decl":{"start":{"line":341,"column":41},"end":{"line":341,"column":46}},"loc":{"start":{"line":341,"column":46},"end":{"line":353,"column":21}},"line":341},"43":{"name":"(anonymous_43)","decl":{"start":{"line":368,"column":37},"end":{"line":368,"column":42}},"loc":{"start":{"line":368,"column":42},"end":{"line":371,"column":17}},"line":368},"44":{"name":"(anonymous_44)","decl":{"start":{"line":377,"column":24},"end":{"line":377,"column":30}},"loc":{"start":{"line":377,"column":30},"end":{"line":379,"column":9}},"line":377},"45":{"name":"(anonymous_45)","decl":{"start":{"line":381,"column":60},"end":{"line":381,"column":65}},"loc":{"start":{"line":381,"column":65},"end":{"line":381,"column":82}},"line":381},"46":{"name":"(anonymous_46)","decl":{"start":{"line":386,"column":30},"end":{"line":386,"column":86}},"loc":{"start":{"line":386,"column":86},"end":{"line":388,"column":null}},"line":386},"47":{"name":"(anonymous_47)","decl":{"start":{"line":391,"column":33},"end":{"line":391,"column":34}},"loc":{"start":{"line":391,"column":79},"end":{"line":407,"column":null}},"line":391},"48":{"name":"(anonymous_48)","decl":{"start":{"line":392,"column":50},"end":{"line":392,"column":55}},"loc":{"start":{"line":392,"column":55},"end":{"line":392,"column":70}},"line":392},"49":{"name":"(anonymous_49)","decl":{"start":{"line":405,"column":49},"end":{"line":405,"column":54}},"loc":{"start":{"line":405,"column":54},"end":{"line":405,"column":69}},"line":405},"50":{"name":"(anonymous_50)","decl":{"start":{"line":409,"column":27},"end":{"line":409,"column":34}},"loc":{"start":{"line":409,"column":57},"end":{"line":420,"column":null}},"line":409},"51":{"name":"(anonymous_51)","decl":{"start":{"line":411,"column":56},"end":{"line":411,"column":62}},"loc":{"start":{"line":411,"column":62},"end":{"line":415,"column":10}},"line":411},"52":{"name":"(anonymous_52)","decl":{"start":{"line":422,"column":28},"end":{"line":422,"column":40}},"loc":{"start":{"line":422,"column":40},"end":{"line":436,"column":null}},"line":422},"53":{"name":"(anonymous_53)","decl":{"start":{"line":438,"column":28},"end":{"line":438,"column":29}},"loc":{"start":{"line":438,"column":46},"end":{"line":446,"column":null}},"line":438},"54":{"name":"(anonymous_54)","decl":{"start":{"line":448,"column":39},"end":{"line":448,"column":51}},"loc":{"start":{"line":448,"column":51},"end":{"line":461,"column":null}},"line":448},"55":{"name":"(anonymous_55)","decl":{"start":{"line":463,"column":29},"end":{"line":463,"column":35}},"loc":{"start":{"line":463,"column":35},"end":{"line":470,"column":null}},"line":463},"56":{"name":"(anonymous_56)","decl":{"start":{"line":474,"column":27},"end":{"line":474,"column":28}},"loc":{"start":{"line":474,"column":43},"end":{"line":483,"column":null}},"line":474},"57":{"name":"(anonymous_57)","decl":{"start":{"line":476,"column":60},"end":{"line":476,"column":61}},"loc":{"start":{"line":476,"column":77},"end":{"line":481,"column":10}},"line":476},"58":{"name":"(anonymous_58)","decl":{"start":{"line":482,"column":28},"end":{"line":482,"column":29}},"loc":{"start":{"line":482,"column":38},"end":{"line":482,"column":61}},"line":482},"59":{"name":"(anonymous_59)","decl":{"start":{"line":485,"column":36},"end":{"line":485,"column":37}},"loc":{"start":{"line":485,"column":58},"end":{"line":507,"column":null}},"line":485},"60":{"name":"(anonymous_60)","decl":{"start":{"line":490,"column":20},"end":{"line":490,"column":25}},"loc":{"start":{"line":490,"column":25},"end":{"line":490,"column":69}},"line":490},"61":{"name":"(anonymous_61)","decl":{"start":{"line":491,"column":18},"end":{"line":491,"column":19}},"loc":{"start":{"line":491,"column":28},"end":{"line":496,"column":13}},"line":491},"62":{"name":"(anonymous_62)","decl":{"start":{"line":498,"column":33},"end":{"line":498,"column":41}},"loc":{"start":{"line":498,"column":41},"end":{"line":506,"column":9}},"line":498},"63":{"name":"(anonymous_63)","decl":{"start":{"line":509,"column":31},"end":{"line":509,"column":32}},"loc":{"start":{"line":509,"column":87},"end":{"line":539,"column":null}},"line":509},"64":{"name":"(anonymous_64)","decl":{"start":{"line":514,"column":56},"end":{"line":514,"column":61}},"loc":{"start":{"line":514,"column":61},"end":{"line":514,"column":71}},"line":514},"65":{"name":"(anonymous_65)","decl":{"start":{"line":514,"column":78},"end":{"line":514,"column":79}},"loc":{"start":{"line":514,"column":87},"end":{"line":514,"column":118}},"line":514},"66":{"name":"(anonymous_66)","decl":{"start":{"line":517,"column":60},"end":{"line":517,"column":65}},"loc":{"start":{"line":517,"column":65},"end":{"line":517,"column":88}},"line":517},"67":{"name":"(anonymous_67)","decl":{"start":{"line":517,"column":95},"end":{"line":517,"column":96}},"loc":{"start":{"line":517,"column":104},"end":{"line":517,"column":123}},"line":517},"68":{"name":"(anonymous_68)","decl":{"start":{"line":519,"column":58},"end":{"line":519,"column":59}},"loc":{"start":{"line":519,"column":67},"end":{"line":519,"column":86}},"line":519},"69":{"name":"(anonymous_69)","decl":{"start":{"line":524,"column":28},"end":{"line":524,"column":33}},"loc":{"start":{"line":524,"column":33},"end":{"line":527,"column":9}},"line":524},"70":{"name":"(anonymous_70)","decl":{"start":{"line":526,"column":32},"end":{"line":526,"column":39}},"loc":{"start":{"line":526,"column":39},"end":{"line":526,"column":168}},"line":526},"71":{"name":"(anonymous_71)","decl":{"start":{"line":531,"column":20},"end":{"line":531,"column":25}},"loc":{"start":{"line":531,"column":25},"end":{"line":531,"column":48}},"line":531},"72":{"name":"(anonymous_72)","decl":{"start":{"line":532,"column":17},"end":{"line":532,"column":22}},"loc":{"start":{"line":532,"column":22},"end":{"line":532,"column":59}},"line":532},"73":{"name":"(anonymous_73)","decl":{"start":{"line":533,"column":20},"end":{"line":533,"column":21}},"loc":{"start":{"line":533,"column":40},"end":{"line":533,"column":43}},"line":533},"74":{"name":"(anonymous_74)","decl":{"start":{"line":542,"column":21},"end":{"line":542,"column":22}},"loc":{"start":{"line":542,"column":38},"end":{"line":544,"column":null}},"line":542},"75":{"name":"(anonymous_75)","decl":{"start":{"line":546,"column":22},"end":{"line":546,"column":29}},"loc":{"start":{"line":546,"column":45},"end":{"line":551,"column":null}},"line":546},"76":{"name":"(anonymous_76)","decl":{"start":{"line":555,"column":24},"end":{"line":555,"column":25}},"loc":{"start":{"line":555,"column":44},"end":{"line":559,"column":null}},"line":555},"77":{"name":"(anonymous_77)","decl":{"start":{"line":557,"column":49},"end":{"line":557,"column":54}},"loc":{"start":{"line":557,"column":54},"end":{"line":557,"column":69}},"line":557},"78":{"name":"(anonymous_78)","decl":{"start":{"line":562,"column":30},"end":{"line":562,"column":37}},"loc":{"start":{"line":562,"column":88},"end":{"line":593,"column":null}},"line":562},"79":{"name":"(anonymous_79)","decl":{"start":{"line":576,"column":53},"end":{"line":576,"column":58}},"loc":{"start":{"line":576,"column":58},"end":{"line":584,"column":9}},"line":576},"80":{"name":"(anonymous_80)","decl":{"start":{"line":596,"column":33},"end":{"line":596,"column":40}},"loc":{"start":{"line":596,"column":81},"end":{"line":618,"column":null}},"line":596},"81":{"name":"(anonymous_81)","decl":{"start":{"line":601,"column":53},"end":{"line":601,"column":58}},"loc":{"start":{"line":601,"column":58},"end":{"line":609,"column":9}},"line":601},"82":{"name":"(anonymous_82)","decl":{"start":{"line":605,"column":54},"end":{"line":605,"column":59}},"loc":{"start":{"line":605,"column":59},"end":{"line":605,"column":80}},"line":605},"83":{"name":"(anonymous_83)","decl":{"start":{"line":620,"column":34},"end":{"line":620,"column":40}},"loc":{"start":{"line":620,"column":40},"end":{"line":631,"column":5}},"line":620},"84":{"name":"(anonymous_84)","decl":{"start":{"line":628,"column":46},"end":{"line":628,"column":null}},"loc":{"start":{"line":628,"column":46},"end":{"line":629,"column":null}},"line":628},"85":{"name":"(anonymous_85)","decl":{"start":{"line":638,"column":31},"end":{"line":638,"column":32}},"loc":{"start":{"line":638,"column":70},"end":{"line":655,"column":null}},"line":638},"86":{"name":"(anonymous_86)","decl":{"start":{"line":661,"column":27},"end":{"line":661,"column":28}},"loc":{"start":{"line":661,"column":91},"end":{"line":678,"column":null}},"line":661},"87":{"name":"(anonymous_87)","decl":{"start":{"line":672,"column":64},"end":{"line":672,"column":65}},"loc":{"start":{"line":672,"column":80},"end":{"line":674,"column":17}},"line":672},"88":{"name":"(anonymous_88)","decl":{"start":{"line":680,"column":28},"end":{"line":680,"column":29}},"loc":{"start":{"line":680,"column":50},"end":{"line":694,"column":null}},"line":680},"89":{"name":"(anonymous_89)","decl":{"start":{"line":682,"column":12},"end":{"line":682,"column":13}},"loc":{"start":{"line":682,"column":21},"end":{"line":682,"column":null}},"line":682},"90":{"name":"(anonymous_90)","decl":{"start":{"line":697,"column":32},"end":{"line":697,"column":39}},"loc":{"start":{"line":697,"column":113},"end":{"line":750,"column":null}},"line":697},"91":{"name":"(anonymous_91)","decl":{"start":{"line":753,"column":27},"end":{"line":753,"column":34}},"loc":{"start":{"line":753,"column":72},"end":{"line":799,"column":null}},"line":753},"92":{"name":"(anonymous_92)","decl":{"start":{"line":763,"column":47},"end":{"line":763,"column":48}},"loc":{"start":{"line":763,"column":64},"end":{"line":765,"column":9}},"line":763}},"branchMap":{"0":{"loc":{"start":{"line":21,"column":8},"end":{"line":23,"column":null}},"type":"if","locations":[{"start":{"line":21,"column":8},"end":{"line":23,"column":null}},{"start":{},"end":{}}],"line":21},"1":{"loc":{"start":{"line":21,"column":12},"end":{"line":21,"column":60}},"type":"binary-expr","locations":[{"start":{"line":21,"column":12},"end":{"line":21,"column":37}},{"start":{"line":21,"column":37},"end":{"line":21,"column":60}}],"line":21},"2":{"loc":{"start":{"line":34,"column":8},"end":{"line":34,"column":null}},"type":"if","locations":[{"start":{"line":34,"column":8},"end":{"line":34,"column":null}},{"start":{},"end":{}}],"line":34},"3":{"loc":{"start":{"line":35,"column":65},"end":{"line":35,"column":115}},"type":"binary-expr","locations":[{"start":{"line":35,"column":65},"end":{"line":35,"column":98}},{"start":{"line":35,"column":98},"end":{"line":35,"column":115}}],"line":35},"4":{"loc":{"start":{"line":39,"column":8},"end":{"line":39,"column":null}},"type":"if","locations":[{"start":{"line":39,"column":8},"end":{"line":39,"column":null}},{"start":{},"end":{}}],"line":39},"5":{"loc":{"start":{"line":40,"column":23},"end":{"line":40,"column":null}},"type":"binary-expr","locations":[{"start":{"line":40,"column":23},"end":{"line":40,"column":56}},{"start":{"line":40,"column":56},"end":{"line":40,"column":null}}],"line":40},"6":{"loc":{"start":{"line":41,"column":15},"end":{"line":41,"column":null}},"type":"binary-expr","locations":[{"start":{"line":41,"column":15},"end":{"line":41,"column":30}},{"start":{"line":41,"column":30},"end":{"line":41,"column":null}}],"line":41},"7":{"loc":{"start":{"line":45,"column":8},"end":{"line":45,"column":null}},"type":"if","locations":[{"start":{"line":45,"column":8},"end":{"line":45,"column":null}},{"start":{},"end":{}}],"line":45},"8":{"loc":{"start":{"line":51,"column":16},"end":{"line":51,"column":null}},"type":"if","locations":[{"start":{"line":51,"column":16},"end":{"line":51,"column":null}},{"start":{},"end":{}}],"line":51},"9":{"loc":{"start":{"line":58,"column":8},"end":{"line":58,"column":null}},"type":"if","locations":[{"start":{"line":58,"column":8},"end":{"line":58,"column":null}},{"start":{},"end":{}}],"line":58},"10":{"loc":{"start":{"line":62,"column":12},"end":{"line":62,"column":null}},"type":"if","locations":[{"start":{"line":62,"column":12},"end":{"line":62,"column":null}},{"start":{},"end":{}}],"line":62},"11":{"loc":{"start":{"line":68,"column":8},"end":{"line":68,"column":null}},"type":"if","locations":[{"start":{"line":68,"column":8},"end":{"line":68,"column":null}},{"start":{},"end":{}}],"line":68},"12":{"loc":{"start":{"line":82,"column":8},"end":{"line":82,"column":null}},"type":"if","locations":[{"start":{"line":82,"column":8},"end":{"line":82,"column":null}},{"start":{},"end":{}}],"line":82},"13":{"loc":{"start":{"line":89,"column":8},"end":{"line":89,"column":null}},"type":"if","locations":[{"start":{"line":89,"column":8},"end":{"line":89,"column":null}},{"start":{},"end":{}}],"line":89},"14":{"loc":{"start":{"line":90,"column":57},"end":{"line":90,"column":110}},"type":"binary-expr","locations":[{"start":{"line":90,"column":57},"end":{"line":90,"column":95}},{"start":{"line":90,"column":95},"end":{"line":90,"column":110}}],"line":90},"15":{"loc":{"start":{"line":95,"column":8},"end":{"line":95,"column":null}},"type":"if","locations":[{"start":{"line":95,"column":8},"end":{"line":95,"column":null}},{"start":{},"end":{}}],"line":95},"16":{"loc":{"start":{"line":101,"column":8},"end":{"line":101,"column":null}},"type":"if","locations":[{"start":{"line":101,"column":8},"end":{"line":101,"column":null}},{"start":{},"end":{}}],"line":101},"17":{"loc":{"start":{"line":107,"column":8},"end":{"line":107,"column":null}},"type":"if","locations":[{"start":{"line":107,"column":8},"end":{"line":107,"column":null}},{"start":{},"end":{}}],"line":107},"18":{"loc":{"start":{"line":114,"column":8},"end":{"line":114,"column":null}},"type":"if","locations":[{"start":{"line":114,"column":8},"end":{"line":114,"column":null}},{"start":{},"end":{}}],"line":114},"19":{"loc":{"start":{"line":114,"column":12},"end":{"line":114,"column":58}},"type":"binary-expr","locations":[{"start":{"line":114,"column":12},"end":{"line":114,"column":33}},{"start":{"line":114,"column":33},"end":{"line":114,"column":58}}],"line":114},"20":{"loc":{"start":{"line":120,"column":8},"end":{"line":120,"column":null}},"type":"if","locations":[{"start":{"line":120,"column":8},"end":{"line":120,"column":null}},{"start":{},"end":{}}],"line":120},"21":{"loc":{"start":{"line":121,"column":8},"end":{"line":121,"column":null}},"type":"if","locations":[{"start":{"line":121,"column":8},"end":{"line":121,"column":null}},{"start":{},"end":{}}],"line":121},"22":{"loc":{"start":{"line":128,"column":8},"end":{"line":128,"column":null}},"type":"if","locations":[{"start":{"line":128,"column":8},"end":{"line":128,"column":null}},{"start":{},"end":{}}],"line":128},"23":{"loc":{"start":{"line":128,"column":36},"end":{"line":128,"column":null}},"type":"binary-expr","locations":[{"start":{"line":128,"column":36},"end":{"line":128,"column":51}},{"start":{"line":128,"column":51},"end":{"line":128,"column":66}},{"start":{"line":128,"column":66},"end":{"line":128,"column":null}}],"line":128},"24":{"loc":{"start":{"line":129,"column":8},"end":{"line":129,"column":null}},"type":"if","locations":[{"start":{"line":129,"column":8},"end":{"line":129,"column":null}},{"start":{},"end":{}}],"line":129},"25":{"loc":{"start":{"line":129,"column":35},"end":{"line":129,"column":null}},"type":"binary-expr","locations":[{"start":{"line":129,"column":35},"end":{"line":129,"column":50}},{"start":{"line":129,"column":50},"end":{"line":129,"column":null}}],"line":129},"26":{"loc":{"start":{"line":134,"column":8},"end":{"line":134,"column":null}},"type":"if","locations":[{"start":{"line":134,"column":8},"end":{"line":134,"column":null}},{"start":{},"end":{}}],"line":134},"27":{"loc":{"start":{"line":135,"column":8},"end":{"line":135,"column":null}},"type":"if","locations":[{"start":{"line":135,"column":8},"end":{"line":135,"column":null}},{"start":{},"end":{}}],"line":135},"28":{"loc":{"start":{"line":140,"column":41},"end":{"line":140,"column":96}},"type":"binary-expr","locations":[{"start":{"line":140,"column":41},"end":{"line":140,"column":61}},{"start":{"line":140,"column":61},"end":{"line":140,"column":96}}],"line":140},"29":{"loc":{"start":{"line":144,"column":8},"end":{"line":144,"column":null}},"type":"if","locations":[{"start":{"line":144,"column":8},"end":{"line":144,"column":null}},{"start":{},"end":{}}],"line":144},"30":{"loc":{"start":{"line":149,"column":8},"end":{"line":197,"column":null}},"type":"if","locations":[{"start":{"line":149,"column":8},"end":{"line":197,"column":null}},{"start":{"line":160,"column":8},"end":{"line":197,"column":null}}],"line":149},"31":{"loc":{"start":{"line":152,"column":16},"end":{"line":152,"column":null}},"type":"if","locations":[{"start":{"line":152,"column":16},"end":{"line":152,"column":null}},{"start":{},"end":{}}],"line":152},"32":{"loc":{"start":{"line":155,"column":23},"end":{"line":155,"column":126}},"type":"binary-expr","locations":[{"start":{"line":155,"column":23},"end":{"line":155,"column":48}},{"start":{"line":155,"column":38},"end":{"line":155,"column":126}}],"line":155},"33":{"loc":{"start":{"line":160,"column":8},"end":{"line":197,"column":null}},"type":"if","locations":[{"start":{"line":160,"column":8},"end":{"line":197,"column":null}},{"start":{"line":175,"column":13},"end":{"line":197,"column":null}}],"line":160},"34":{"loc":{"start":{"line":164,"column":16},"end":{"line":164,"column":null}},"type":"if","locations":[{"start":{"line":164,"column":16},"end":{"line":164,"column":null}},{"start":{},"end":{}}],"line":164},"35":{"loc":{"start":{"line":165,"column":16},"end":{"line":165,"column":null}},"type":"if","locations":[{"start":{"line":165,"column":16},"end":{"line":165,"column":null}},{"start":{},"end":{}}],"line":165},"36":{"loc":{"start":{"line":168,"column":23},"end":{"line":168,"column":126}},"type":"binary-expr","locations":[{"start":{"line":168,"column":23},"end":{"line":168,"column":48}},{"start":{"line":168,"column":38},"end":{"line":168,"column":126}}],"line":168},"37":{"loc":{"start":{"line":176,"column":12},"end":{"line":176,"column":null}},"type":"if","locations":[{"start":{"line":176,"column":12},"end":{"line":176,"column":null}},{"start":{},"end":{}}],"line":176},"38":{"loc":{"start":{"line":177,"column":12},"end":{"line":177,"column":null}},"type":"if","locations":[{"start":{"line":177,"column":12},"end":{"line":177,"column":null}},{"start":{},"end":{}}],"line":177},"39":{"loc":{"start":{"line":184,"column":12},"end":{"line":196,"column":null}},"type":"if","locations":[{"start":{"line":184,"column":12},"end":{"line":196,"column":null}},{"start":{"line":195,"column":12},"end":{"line":196,"column":null}}],"line":184},"40":{"loc":{"start":{"line":184,"column":16},"end":{"line":184,"column":36}},"type":"binary-expr","locations":[{"start":{"line":184,"column":16},"end":{"line":184,"column":27}},{"start":{"line":184,"column":27},"end":{"line":184,"column":36}}],"line":184},"41":{"loc":{"start":{"line":186,"column":16},"end":{"line":191,"column":null}},"type":"if","locations":[{"start":{"line":186,"column":16},"end":{"line":191,"column":null}},{"start":{"line":186,"column":54},"end":{"line":191,"column":null}}],"line":186},"42":{"loc":{"start":{"line":186,"column":54},"end":{"line":191,"column":null}},"type":"if","locations":[{"start":{"line":186,"column":54},"end":{"line":191,"column":null}},{"start":{"line":188,"column":21},"end":{"line":191,"column":null}}],"line":186},"43":{"loc":{"start":{"line":193,"column":16},"end":{"line":193,"column":null}},"type":"if","locations":[{"start":{"line":193,"column":16},"end":{"line":193,"column":null}},{"start":{},"end":{}}],"line":193},"44":{"loc":{"start":{"line":193,"column":20},"end":{"line":193,"column":114}},"type":"binary-expr","locations":[{"start":{"line":193,"column":20},"end":{"line":193,"column":29}},{"start":{"line":193,"column":29},"end":{"line":193,"column":52}},{"start":{"line":193,"column":47},"end":{"line":193,"column":114}}],"line":193},"45":{"loc":{"start":{"line":194,"column":16},"end":{"line":194,"column":null}},"type":"if","locations":[{"start":{"line":194,"column":16},"end":{"line":194,"column":null}},{"start":{},"end":{}}],"line":194},"46":{"loc":{"start":{"line":194,"column":20},"end":{"line":194,"column":114}},"type":"binary-expr","locations":[{"start":{"line":194,"column":20},"end":{"line":194,"column":29}},{"start":{"line":194,"column":29},"end":{"line":194,"column":52}},{"start":{"line":194,"column":47},"end":{"line":194,"column":114}}],"line":194},"47":{"loc":{"start":{"line":195,"column":12},"end":{"line":196,"column":null}},"type":"if","locations":[{"start":{"line":195,"column":12},"end":{"line":196,"column":null}},{"start":{"line":195,"column":50},"end":{"line":196,"column":null}}],"line":195},"48":{"loc":{"start":{"line":195,"column":50},"end":{"line":196,"column":null}},"type":"if","locations":[{"start":{"line":195,"column":50},"end":{"line":196,"column":null}},{"start":{},"end":{}}],"line":195},"49":{"loc":{"start":{"line":202,"column":8},"end":{"line":202,"column":null}},"type":"if","locations":[{"start":{"line":202,"column":8},"end":{"line":202,"column":null}},{"start":{},"end":{}}],"line":202},"50":{"loc":{"start":{"line":210,"column":8},"end":{"line":374,"column":null}},"type":"if","locations":[{"start":{"line":210,"column":8},"end":{"line":374,"column":null}},{"start":{"line":231,"column":8},"end":{"line":374,"column":null}}],"line":210},"51":{"loc":{"start":{"line":220,"column":16},"end":{"line":229,"column":null}},"type":"if","locations":[{"start":{"line":220,"column":16},"end":{"line":229,"column":null}},{"start":{"line":227,"column":23},"end":{"line":229,"column":null}}],"line":220},"52":{"loc":{"start":{"line":223,"column":20},"end":{"line":225,"column":null}},"type":"if","locations":[{"start":{"line":223,"column":20},"end":{"line":225,"column":null}},{"start":{},"end":{}}],"line":223},"53":{"loc":{"start":{"line":223,"column":24},"end":{"line":223,"column":99}},"type":"binary-expr","locations":[{"start":{"line":223,"column":24},"end":{"line":223,"column":37}},{"start":{"line":223,"column":32},"end":{"line":223,"column":99}}],"line":223},"54":{"loc":{"start":{"line":231,"column":8},"end":{"line":374,"column":null}},"type":"if","locations":[{"start":{"line":231,"column":8},"end":{"line":374,"column":null}},{"start":{"line":269,"column":13},"end":{"line":374,"column":null}}],"line":231},"55":{"loc":{"start":{"line":241,"column":16},"end":{"line":264,"column":null}},"type":"if","locations":[{"start":{"line":241,"column":16},"end":{"line":264,"column":null}},{"start":{"line":261,"column":23},"end":{"line":264,"column":null}}],"line":241},"56":{"loc":{"start":{"line":242,"column":20},"end":{"line":260,"column":null}},"type":"if","locations":[{"start":{"line":242,"column":20},"end":{"line":260,"column":null}},{"start":{"line":251,"column":27},"end":{"line":260,"column":null}}],"line":242},"57":{"loc":{"start":{"line":247,"column":24},"end":{"line":249,"column":null}},"type":"if","locations":[{"start":{"line":247,"column":24},"end":{"line":249,"column":null}},{"start":{},"end":{}}],"line":247},"58":{"loc":{"start":{"line":247,"column":28},"end":{"line":247,"column":113}},"type":"binary-expr","locations":[{"start":{"line":247,"column":28},"end":{"line":247,"column":45}},{"start":{"line":247,"column":40},"end":{"line":247,"column":113}}],"line":247},"59":{"loc":{"start":{"line":256,"column":24},"end":{"line":258,"column":null}},"type":"if","locations":[{"start":{"line":256,"column":24},"end":{"line":258,"column":null}},{"start":{},"end":{}}],"line":256},"60":{"loc":{"start":{"line":256,"column":28},"end":{"line":256,"column":114}},"type":"binary-expr","locations":[{"start":{"line":256,"column":28},"end":{"line":256,"column":45}},{"start":{"line":256,"column":40},"end":{"line":256,"column":114}}],"line":256},"61":{"loc":{"start":{"line":278,"column":12},"end":{"line":298,"column":null}},"type":"if","locations":[{"start":{"line":278,"column":12},"end":{"line":298,"column":null}},{"start":{"line":291,"column":19},"end":{"line":298,"column":null}}],"line":278},"62":{"loc":{"start":{"line":285,"column":16},"end":{"line":288,"column":null}},"type":"if","locations":[{"start":{"line":285,"column":16},"end":{"line":288,"column":null}},{"start":{},"end":{}}],"line":285},"63":{"loc":{"start":{"line":285,"column":20},"end":{"line":285,"column":90}},"type":"binary-expr","locations":[{"start":{"line":285,"column":20},"end":{"line":285,"column":30}},{"start":{"line":285,"column":20},"end":{"line":285,"column":90}}],"line":285},"64":{"loc":{"start":{"line":295,"column":16},"end":{"line":297,"column":null}},"type":"if","locations":[{"start":{"line":295,"column":16},"end":{"line":297,"column":null}},{"start":{},"end":{}}],"line":295},"65":{"loc":{"start":{"line":295,"column":20},"end":{"line":295,"column":90}},"type":"binary-expr","locations":[{"start":{"line":295,"column":20},"end":{"line":295,"column":30}},{"start":{"line":295,"column":20},"end":{"line":295,"column":90}}],"line":295},"66":{"loc":{"start":{"line":305,"column":12},"end":{"line":325,"column":null}},"type":"if","locations":[{"start":{"line":305,"column":12},"end":{"line":325,"column":null}},{"start":{"line":318,"column":19},"end":{"line":325,"column":null}}],"line":305},"67":{"loc":{"start":{"line":312,"column":16},"end":{"line":315,"column":null}},"type":"if","locations":[{"start":{"line":312,"column":16},"end":{"line":315,"column":null}},{"start":{},"end":{}}],"line":312},"68":{"loc":{"start":{"line":312,"column":20},"end":{"line":312,"column":90}},"type":"binary-expr","locations":[{"start":{"line":312,"column":20},"end":{"line":312,"column":30}},{"start":{"line":312,"column":20},"end":{"line":312,"column":90}}],"line":312},"69":{"loc":{"start":{"line":322,"column":16},"end":{"line":324,"column":null}},"type":"if","locations":[{"start":{"line":322,"column":16},"end":{"line":324,"column":null}},{"start":{},"end":{}}],"line":322},"70":{"loc":{"start":{"line":322,"column":20},"end":{"line":322,"column":90}},"type":"binary-expr","locations":[{"start":{"line":322,"column":20},"end":{"line":322,"column":30}},{"start":{"line":322,"column":20},"end":{"line":322,"column":90}}],"line":322},"71":{"loc":{"start":{"line":334,"column":12},"end":{"line":373,"column":null}},"type":"if","locations":[{"start":{"line":334,"column":12},"end":{"line":373,"column":null}},{"start":{"line":366,"column":19},"end":{"line":373,"column":null}}],"line":334},"72":{"loc":{"start":{"line":339,"column":16},"end":{"line":365,"column":null}},"type":"if","locations":[{"start":{"line":339,"column":16},"end":{"line":365,"column":null}},{"start":{"line":356,"column":23},"end":{"line":365,"column":null}}],"line":339},"73":{"loc":{"start":{"line":344,"column":24},"end":{"line":352,"column":null}},"type":"if","locations":[{"start":{"line":344,"column":24},"end":{"line":352,"column":null}},{"start":{"line":349,"column":24},"end":{"line":352,"column":null}}],"line":344},"74":{"loc":{"start":{"line":346,"column":28},"end":{"line":346,"column":null}},"type":"if","locations":[{"start":{"line":346,"column":28},"end":{"line":346,"column":null}},{"start":{},"end":{}}],"line":346},"75":{"loc":{"start":{"line":347,"column":28},"end":{"line":347,"column":null}},"type":"if","locations":[{"start":{"line":347,"column":28},"end":{"line":347,"column":null}},{"start":{},"end":{}}],"line":347},"76":{"loc":{"start":{"line":349,"column":24},"end":{"line":352,"column":null}},"type":"if","locations":[{"start":{"line":349,"column":24},"end":{"line":352,"column":null}},{"start":{},"end":{}}],"line":349},"77":{"loc":{"start":{"line":360,"column":24},"end":{"line":360,"column":null}},"type":"if","locations":[{"start":{"line":360,"column":24},"end":{"line":360,"column":null}},{"start":{},"end":{}}],"line":360},"78":{"loc":{"start":{"line":361,"column":24},"end":{"line":361,"column":null}},"type":"if","locations":[{"start":{"line":361,"column":24},"end":{"line":361,"column":null}},{"start":{},"end":{}}],"line":361},"79":{"loc":{"start":{"line":369,"column":20},"end":{"line":369,"column":null}},"type":"if","locations":[{"start":{"line":369,"column":20},"end":{"line":369,"column":null}},{"start":{},"end":{}}],"line":369},"80":{"loc":{"start":{"line":370,"column":20},"end":{"line":370,"column":null}},"type":"if","locations":[{"start":{"line":370,"column":20},"end":{"line":370,"column":null}},{"start":{},"end":{}}],"line":370},"81":{"loc":{"start":{"line":378,"column":12},"end":{"line":378,"column":null}},"type":"if","locations":[{"start":{"line":378,"column":12},"end":{"line":378,"column":null}},{"start":{},"end":{}}],"line":378},"82":{"loc":{"start":{"line":393,"column":8},"end":{"line":393,"column":null}},"type":"if","locations":[{"start":{"line":393,"column":8},"end":{"line":393,"column":null}},{"start":{},"end":{}}],"line":393},"83":{"loc":{"start":{"line":395,"column":23},"end":{"line":395,"column":null}},"type":"cond-expr","locations":[{"start":{"line":395,"column":57},"end":{"line":395,"column":84}},{"start":{"line":395,"column":84},"end":{"line":395,"column":null}}],"line":395},"84":{"loc":{"start":{"line":395,"column":57},"end":{"line":395,"column":84}},"type":"binary-expr","locations":[{"start":{"line":395,"column":57},"end":{"line":395,"column":78}},{"start":{"line":395,"column":78},"end":{"line":395,"column":84}}],"line":395},"85":{"loc":{"start":{"line":395,"column":84},"end":{"line":395,"column":null}},"type":"binary-expr","locations":[{"start":{"line":395,"column":84},"end":{"line":395,"column":99}},{"start":{"line":395,"column":99},"end":{"line":395,"column":null}}],"line":395},"86":{"loc":{"start":{"line":396,"column":8},"end":{"line":396,"column":null}},"type":"if","locations":[{"start":{"line":396,"column":8},"end":{"line":396,"column":null}},{"start":{},"end":{}}],"line":396},"87":{"loc":{"start":{"line":398,"column":33},"end":{"line":398,"column":null}},"type":"binary-expr","locations":[{"start":{"line":398,"column":33},"end":{"line":398,"column":73}},{"start":{"line":398,"column":73},"end":{"line":398,"column":null}}],"line":398},"88":{"loc":{"start":{"line":400,"column":8},"end":{"line":402,"column":null}},"type":"if","locations":[{"start":{"line":400,"column":8},"end":{"line":402,"column":null}},{"start":{},"end":{}}],"line":400},"89":{"loc":{"start":{"line":400,"column":12},"end":{"line":400,"column":64}},"type":"binary-expr","locations":[{"start":{"line":400,"column":12},"end":{"line":400,"column":32}},{"start":{"line":400,"column":32},"end":{"line":400,"column":64}}],"line":400},"90":{"loc":{"start":{"line":401,"column":19},"end":{"line":401,"column":null}},"type":"cond-expr","locations":[{"start":{"line":401,"column":35},"end":{"line":401,"column":44}},{"start":{"line":401,"column":44},"end":{"line":401,"column":null}}],"line":401},"91":{"loc":{"start":{"line":404,"column":8},"end":{"line":404,"column":null}},"type":"if","locations":[{"start":{"line":404,"column":8},"end":{"line":404,"column":null}},{"start":{},"end":{}}],"line":404},"92":{"loc":{"start":{"line":405,"column":8},"end":{"line":405,"column":null}},"type":"if","locations":[{"start":{"line":405,"column":8},"end":{"line":405,"column":null}},{"start":{},"end":{}}],"line":405},"93":{"loc":{"start":{"line":410,"column":8},"end":{"line":410,"column":null}},"type":"if","locations":[{"start":{"line":410,"column":8},"end":{"line":410,"column":null}},{"start":{},"end":{}}],"line":410},"94":{"loc":{"start":{"line":423,"column":8},"end":{"line":423,"column":null}},"type":"if","locations":[{"start":{"line":423,"column":8},"end":{"line":423,"column":null}},{"start":{},"end":{}}],"line":423},"95":{"loc":{"start":{"line":426,"column":8},"end":{"line":434,"column":null}},"type":"if","locations":[{"start":{"line":426,"column":8},"end":{"line":434,"column":null}},{"start":{},"end":{}}],"line":426},"96":{"loc":{"start":{"line":439,"column":8},"end":{"line":445,"column":null}},"type":"if","locations":[{"start":{"line":439,"column":8},"end":{"line":445,"column":null}},{"start":{"line":442,"column":15},"end":{"line":445,"column":null}}],"line":439},"97":{"loc":{"start":{"line":449,"column":8},"end":{"line":449,"column":null}},"type":"if","locations":[{"start":{"line":449,"column":8},"end":{"line":449,"column":null}},{"start":{},"end":{}}],"line":449},"98":{"loc":{"start":{"line":452,"column":8},"end":{"line":460,"column":null}},"type":"if","locations":[{"start":{"line":452,"column":8},"end":{"line":460,"column":null}},{"start":{},"end":{}}],"line":452},"99":{"loc":{"start":{"line":475,"column":8},"end":{"line":475,"column":null}},"type":"if","locations":[{"start":{"line":475,"column":8},"end":{"line":475,"column":null}},{"start":{},"end":{}}],"line":475},"100":{"loc":{"start":{"line":486,"column":8},"end":{"line":486,"column":null}},"type":"if","locations":[{"start":{"line":486,"column":8},"end":{"line":486,"column":null}},{"start":{},"end":{}}],"line":486},"101":{"loc":{"start":{"line":486,"column":12},"end":{"line":486,"column":58}},"type":"binary-expr","locations":[{"start":{"line":486,"column":12},"end":{"line":486,"column":33}},{"start":{"line":486,"column":33},"end":{"line":486,"column":58}}],"line":486},"102":{"loc":{"start":{"line":492,"column":31},"end":{"line":492,"column":null}},"type":"binary-expr","locations":[{"start":{"line":492,"column":31},"end":{"line":492,"column":57}},{"start":{"line":492,"column":57},"end":{"line":492,"column":null}}],"line":492},"103":{"loc":{"start":{"line":493,"column":31},"end":{"line":493,"column":null}},"type":"binary-expr","locations":[{"start":{"line":493,"column":31},"end":{"line":493,"column":57}},{"start":{"line":493,"column":57},"end":{"line":493,"column":null}}],"line":493},"104":{"loc":{"start":{"line":494,"column":16},"end":{"line":494,"column":null}},"type":"if","locations":[{"start":{"line":494,"column":16},"end":{"line":494,"column":null}},{"start":{},"end":{}}],"line":494},"105":{"loc":{"start":{"line":495,"column":24},"end":{"line":495,"column":46}},"type":"binary-expr","locations":[{"start":{"line":495,"column":24},"end":{"line":495,"column":40}},{"start":{"line":495,"column":40},"end":{"line":495,"column":46}}],"line":495},"106":{"loc":{"start":{"line":495,"column":46},"end":{"line":495,"column":null}},"type":"binary-expr","locations":[{"start":{"line":495,"column":46},"end":{"line":495,"column":62}},{"start":{"line":495,"column":62},"end":{"line":495,"column":null}}],"line":495},"107":{"loc":{"start":{"line":503,"column":24},"end":{"line":503,"column":null}},"type":"cond-expr","locations":[{"start":{"line":503,"column":31},"end":{"line":503,"column":60}},{"start":{"line":503,"column":60},"end":{"line":503,"column":null}}],"line":503},"108":{"loc":{"start":{"line":503,"column":31},"end":{"line":503,"column":60}},"type":"binary-expr","locations":[{"start":{"line":503,"column":31},"end":{"line":503,"column":55}},{"start":{"line":503,"column":55},"end":{"line":503,"column":60}}],"line":503},"109":{"loc":{"start":{"line":510,"column":8},"end":{"line":510,"column":null}},"type":"if","locations":[{"start":{"line":510,"column":8},"end":{"line":510,"column":null}},{"start":{},"end":{}}],"line":510},"110":{"loc":{"start":{"line":513,"column":8},"end":{"line":521,"column":null}},"type":"if","locations":[{"start":{"line":513,"column":8},"end":{"line":521,"column":null}},{"start":{"line":515,"column":8},"end":{"line":521,"column":null}}],"line":513},"111":{"loc":{"start":{"line":513,"column":12},"end":{"line":513,
[...]
end":{"line":20,"column":null}},"type":"if","locations":[{"start":{"line":20,"column":4},"end":{"line":20,"column":null}},{"start":{},"end":{}}],"line":20},"3":{"loc":{"start":{"line":21,"column":4},"end":{"line":28,"column":null}},"type":"if","locations":[{"start":{"line":21,"column":4},"end":{"line":28,"column":null}},{"start":{},"end":{}}],"line":21},"4":{"loc":{"start":{"line":33,"column":47},"end":{"line":33,"column":69}},"type":"default-arg","locations":[{"start":{"line":33,"column":63},"end":{"line":33,"column":69}}],"line":33},"5":{"loc":{"start":{"line":34,"column":20},"end":{"line":34,"column":null}},"type":"cond-expr","locations":[{"start":{"line":34,"column":31},"end":{"line":34,"column":48}},{"start":{"line":34,"column":48},"end":{"line":34,"column":null}}],"line":34},"6":{"loc":{"start":{"line":35,"column":20},"end":{"line":35,"column":null}},"type":"cond-expr","locations":[{"start":{"line":35,"column":31},"end":{"line":35,"column":48}},{"start":{"line":35,"column":48},"end":{"line":35,"column":null}}],"line":35},"7":{"loc":{"start":{"line":38,"column":4},"end":{"line":40,"column":null}},"type":"if","locations":[{"start":{"line":38,"column":4},"end":{"line":40,"column":null}},{"start":{},"end":{}}],"line":38},"8":{"loc":{"start":{"line":42,"column":26},"end":{"line":42,"column":null}},"type":"binary-expr","locations":[{"start":{"line":42,"column":26},"end":{"line":42,"column":63}},{"start":{"line":42,"column":63},"end":{"line":42,"column":null}}],"line":42},"9":{"loc":{"start":{"line":44,"column":4},"end":{"line":56,"column":null}},"type":"if","locations":[{"start":{"line":44,"column":4},"end":{"line":56,"column":null}},{"start":{},"end":{}}],"line":44},"10":{"loc":{"start":{"line":50,"column":27},"end":{"line":50,"column":null}},"type":"binary-expr","locations":[{"start":{"line":50,"column":27},"end":{"line":50,"column":45}},{"start":{"line":50,"column":45},"end":{"line":50,"column":null}}],"line":50},"11":{"loc":{"start":{"line":51,"column":27},"end":{"line":51,"column":null}},"type":"binary-expr","locations":[{"start":{"line":51,"column":27},"end":{"line":51,"column":45}},{"start":{"line":51,"column":45},"end":{"line":51,"column":null}}],"line":51},"12":{"loc":{"start":{"line":52,"column":12},"end":{"line":54,"column":null}},"type":"if","locations":[{"start":{"line":52,"column":12},"end":{"line":54,"column":null}},{"start":{},"end":{}}],"line":52},"13":{"loc":{"start":{"line":59,"column":4},"end":{"line":61,"column":null}},"type":"if","locations":[{"start":{"line":59,"column":4},"end":{"line":61,"column":null}},{"start":{},"end":{}}],"line":59},"14":{"loc":{"start":{"line":69,"column":4},"end":{"line":69,"column":null}},"type":"if","locations":[{"start":{"line":69,"column":4},"end":{"line":69,"column":null}},{"start":{},"end":{}}],"line":69},"15":{"loc":{"start":{"line":76,"column":8},"end":{"line":76,"column":null}},"type":"binary-expr","locations":[{"start":{"line":76,"column":8},"end":{"line":76,"column":32}},{"start":{"line":76,"column":32},"end":{"line":76,"column":null}}],"line":76},"16":{"loc":{"start":{"line":82,"column":12},"end":{"line":84,"column":null}},"type":"if","locations":[{"start":{"line":82,"column":12},"end":{"line":84,"column":null}},{"start":{},"end":{}}],"line":82},"17":{"loc":{"start":{"line":83,"column":31},"end":{"line":83,"column":51}},"type":"binary-expr","locations":[{"start":{"line":83,"column":31},"end":{"line":83,"column":46}},{"start":{"line":83,"column":46},"end":{"line":83,"column":51}}],"line":83},"18":{"loc":{"start":{"line":92,"column":31},"end":{"line":92,"column":null}},"type":"binary-expr","locations":[{"start":{"line":92,"column":31},"end":{"line":92,"column":49}},{"start":{"line":92,"column":49},"end":{"line":92,"column":null}}],"line":92},"19":{"loc":{"start":{"line":99,"column":21},"end":{"line":99,"column":null}},"type":"binary-expr","locations":[{"start":{"line":99,"column":21},"end":{"line":99,"column":41}},{"start":{"line":99,"column":41},"end":{"line":99,"column":null}}],"line":99},"20":{"loc":{"start":{"line":111,"column":22},"end":{"line":114,"column":null}},"type":"cond-expr","locations":[{"start":{"line":111,"column":36},"end":{"line":114,"column":10}},{"start":{"line":114,"column":10},"end":{"line":114,"column":null}}],"line":111},"21":{"loc":{"start":{"line":117,"column":65},"end":{"line":117,"column":119}},"type":"binary-expr","locations":[{"start":{"line":117,"column":65},"end":{"line":117,"column":91}},{"start":{"line":117,"column":91},"end":{"line":117,"column":119}}],"line":117},"22":{"loc":{"start":{"line":126,"column":27},"end":{"line":126,"column":null}},"type":"binary-expr","locations":[{"start":{"line":126,"column":27},"end":{"line":126,"column":61}},{"start":{"line":126,"column":61},"end":{"line":126,"column":null}}],"line":126},"23":{"loc":{"start":{"line":130,"column":12},"end":{"line":134,"column":null}},"type":"if","locations":[{"start":{"line":130,"column":12},"end":{"line":134,"column":null}},{"start":{},"end":{}}],"line":130},"24":{"loc":{"start":{"line":132,"column":16},"end":{"line":133,"column":null}},"type":"if","locations":[{"start":{"line":132,"column":16},"end":{"line":133,"column":null}},{"start":{"line":133,"column":21},"end":{"line":133,"column":null}}],"line":132},"25":{"loc":{"start":{"line":138,"column":12},"end":{"line":146,"column":null}},"type":"if","locations":[{"start":{"line":138,"column":12},"end":{"line":146,"column":null}},{"start":{},"end":{}}],"line":138},"26":{"loc":{"start":{"line":139,"column":38},"end":{"line":139,"column":65}},"type":"binary-expr","locations":[{"start":{"line":139,"column":38},"end":{"line":139,"column":60}},{"start":{"line":139,"column":60},"end":{"line":139,"column":65}}],"line":139},"27":{"loc":{"start":{"line":141,"column":16},"end":{"line":145,"column":null}},"type":"if","locations":[{"start":{"line":141,"column":16},"end":{"line":145,"column":null}},{"start":{"line":143,"column":23},"end":{"line":145,"column":null}}],"line":141},"28":{"loc":{"start":{"line":142,"column":43},"end":{"line":142,"column":71}},"type":"binary-expr","locations":[{"start":{"line":142,"column":43},"end":{"line":142,"column":66}},{"start":{"line":142,"column":66},"end":{"line":142,"column":71}}],"line":142},"29":{"loc":{"start":{"line":144,"column":42},"end":{"line":144,"column":69}},"type":"binary-expr","locations":[{"start":{"line":144,"column":42},"end":{"line":144,"column":64}},{"start":{"line":144,"column":64},"end":{"line":144,"column":69}}],"line":144},"30":{"loc":{"start":{"line":150,"column":12},"end":{"line":152,"column":null}},"type":"if","locations":[{"start":{"line":150,"column":12},"end":{"line":152,"column":null}},{"start":{},"end":{}}],"line":150},"31":{"loc":{"start":{"line":151,"column":43},"end":{"line":151,"column":75}},"type":"binary-expr","locations":[{"start":{"line":151,"column":43},"end":{"line":151,"column":70}},{"start":{"line":151,"column":70},"end":{"line":151,"column":75}}],"line":151},"32":{"loc":{"start":{"line":158,"column":8},"end":{"line":166,"column":null}},"type":"if","locations":[{"start":{"line":158,"column":8},"end":{"line":166,"column":null}},{"start":{},"end":{}}],"line":158},"33":{"loc":{"start":{"line":160,"column":16},"end":{"line":164,"column":null}},"type":"if","locations":[{"start":{"line":160,"column":16},"end":{"line":164,"column":null}},{"start":{"line":162,"column":23},"end":{"line":164,"column":null}}],"line":160},"34":{"loc":{"start":{"line":173,"column":4},"end":{"line":184,"column":null}},"type":"switch","locations":[{"start":{"line":174,"column":8},"end":{"line":175,"column":null}},{"start":{"line":176,"column":8},"end":{"line":177,"column":null}},{"start":{"line":178,"column":8},"end":{"line":179,"column":null}},{"start":{"line":180,"column":8},"end":{"line":181,"column":null}},{"start":{"line":182,"column":8},"end":{"line":183,"column":null}}],"line":173},"35":{"loc":{"start":{"line":187,"column":4},"end":{"line":187,"column":null}},"type":"if","locations":[{"start":{"line":187,"column":4},"end":{"line":187,"column":null}},{"start":{},"end":{}}],"line":187},"36":{"loc":{"start":{"line":189,"column":4},"end":{"line":189,"column":null}},"type":"if","locations":[{"start":{"line":189,"column":4},"end":{"line":189,"column":null}},{"start":{},"end":{}}],"line":189},"37":{"loc":{"start":{"line":190,"column":4},"end":{"line":190,"column":null}},"type":"if","locations":[{"start":{"line":190,"column":4},"end":{"line":190,"column":null}},{"start":{},"end":{}}],"line":190},"38":{"loc":{"start":{"line":191,"column":4},"end":{"line":191,"column":null}},"type":"if","locations":[{"start":{"line":191,"column":4},"end":{"line":191,"column":null}},{"start":{},"end":{}}],"line":191},"39":{"loc":{"start":{"line":193,"column":4},"end":{"line":195,"column":null}},"type":"if","locations":[{"start":{"line":193,"column":4},"end":{"line":195,"column":null}},{"start":{},"end":{}}],"line":193},"40":{"loc":{"start":{"line":199,"column":4},"end":{"line":199,"column":null}},"type":"if","locations":[{"start":{"line":199,"column":4},"end":{"line":199,"column":null}},{"start":{},"end":{}}],"line":199},"41":{"loc":{"start":{"line":200,"column":4},"end":{"line":200,"column":null}},"type":"if","locations":[{"start":{"line":200,"column":4},"end":{"line":200,"column":null}},{"start":{},"end":{}}],"line":200},"42":{"loc":{"start":{"line":201,"column":4},"end":{"line":201,"column":null}},"type":"if","locations":[{"start":{"line":201,"column":4},"end":{"line":201,"column":null}},{"start":{},"end":{}}],"line":201},"43":{"loc":{"start":{"line":208,"column":4},"end":{"line":208,"column":null}},"type":"if","locations":[{"start":{"line":208,"column":4},"end":{"line":208,"column":null}},{"start":{},"end":{}}],"line":208},"44":{"loc":{"start":{"line":219,"column":4},"end":{"line":219,"column":null}},"type":"if","locations":[{"start":{"line":219,"column":4},"end":{"line":219,"column":null}},{"start":{},"end":{}}],"line":219},"45":{"loc":{"start":{"line":219,"column":8},"end":{"line":219,"column":35}},"type":"binary-expr","locations":[{"start":{"line":219,"column":8},"end":{"line":219,"column":17}},{"start":{"line":219,"column":17},"end":{"line":219,"column":35}}],"line":219},"46":{"loc":{"start":{"line":221,"column":11},"end":{"line":221,"column":null}},"type":"cond-expr","locations":[{"start":{"line":221,"column":19},"end":{"line":221,"column":30}},{"start":{"line":221,"column":30},"end":{"line":221,"column":null}}],"line":221},"47":{"loc":{"start":{"line":228,"column":4},"end":{"line":228,"column":null}},"type":"if","locations":[{"start":{"line":228,"column":4},"end":{"line":228,"column":null}},{"start":{},"end":{}}],"line":228},"48":{"loc":{"start":{"line":233,"column":11},"end":{"line":233,"column":null}},"type":"binary-expr","locations":[{"start":{"line":233,"column":11},"end":{"line":233,"column":44}},{"start":{"line":233,"column":44},"end":{"line":233,"column":null}}],"line":233},"49":{"loc":{"start":{"line":237,"column":11},"end":{"line":237,"column":null}},"type":"binary-expr","locations":[{"start":{"line":237,"column":11},"end":{"line":237,"column":43}},{"start":{"line":237,"column":43},"end":{"line":237,"column":null}}],"line":237}},"s":{"0":4,"1":9,"2":4,"3":3,"4":1,"5":2,"6":1,"7":1,"8":2,"9":1,"10":1,"11":4,"12":2,"13":0,"14":2,"15":1,"16":1,"17":1,"18":1,"19":1,"20":1,"21":4,"22":118,"23":118,"24":118,"25":88,"26":30,"27":118,"28":19,"29":19,"30":19,"31":19,"32":325,"33":325,"34":325,"35":1,"36":29,"37":8,"38":21,"39":4,"40":38,"41":38,"42":0,"43":38,"44":38,"45":2,"46":38,"47":2,"48":2,"49":2,"50":2,"51":38,"52":4,"53":7,"54":7,"55":11,"56":7,"57":11,"58":7,"59":0,"60":7,"61":11,"62":13,"63":7,"64":11,"65":0,"66":7,"67":9,"68":9,"69":11,"70":11,"71":11,"72":11,"73":11,"74":1,"75":10,"76":11,"77":11,"78":11,"79":11,"80":1,"81":10,"82":11,"83":11,"84":0,"85":7,"86":11,"87":11,"88":1,"89":0,"90":1,"91":7,"92":4,"93":0,"94":0,"95":0,"96":0,"97":0,"98":0,"99":4,"100":0,"101":0,"102":0,"103":0,"104":0,"105":0,"106":0,"107":0,"108":0,"109":0,"110":0,"111":0,"112":4,"113":0,"114":0,"115":0,"116":0,"117":0,"118":0,"119":0,"120":4,"121":0,"122":0,"123":0,"124":0,"125":0,"126":4,"127":0,"128":0,"129":0,"130":0,"131":0,"132":0,"133":4,"134":0,"135":0,"136":0,"137":0,"138":4,"139":21,"140":4,"141":14},"f":{"0":9,"1":3,"2":2,"3":118,"4":38,"5":2,"6":2,"7":2,"8":7,"9":11,"10":11,"11":0,"12":11,"13":13,"14":11,"15":0,"16":9,"17":11,"18":11,"19":1,"20":0,"21":0,"22":0,"23":0,"24":0,"25":0,"26":0,"27":21,"28":14},"b":{"0":[1,2],"1":[1,1],"2":[0,2],"3":[1,1],"4":[118],"5":[10,108],"6":[10,108],"7":[88,30],"8":[30,18],"9":[19,99],"10":[325,324],"11":[325,325],"12":[1,324],"13":[8,21],"14":[0,38],"15":[2,2],"16":[2,0],"17":[2,2],"18":[7,7],"19":[11,10],"20":[0,7],"21":[13,2],"22":[11,0],"23":[11,0],"24":[1,10],"25":[11,0],"26":[11,9],"27":[1,10],"28":[1,1],"29":[10,9],"30":[0,11],"31":[0,0],"32":[11,0],"33":[0,1],"34":[0,0,0,0,0],"35":[0,0],"36":[0,0],"37":[0,0],"38":[0,0],"39":[0,0],"40":[0,0],"41":[0,0],"42":[0,0],"43":[0,0],"44":[0,0],"45":[0,0],"46":[0,0],"47":[0,0],"48":[21,1],"49":[14,1]},"meta":{"lastBranch":50,"lastFunction":29,"lastStatement":142,"seen":{"s:4:23:5:Infinity":0,"f:4:23:4:24":0,"s:5:4:5:Infinity":1,"s:7:30:17:Infinity":2,"f:7:30:7:31":1,"b:8:4:8:Infinity:undefined:undefined:undefined:undefined":0,"s:8:4:8:Infinity":3,"s:8:18:8:Infinity":4,"b:9:4:15:Infinity:undefined:undefined:undefined:undefined":1,"s:9:4:15:Infinity":5,"s:10:44:10:Infinity":6,"s:11:8:13:Infinity":7,"s:12:12:12:Infinity":8,"s:14:8:14:Infinity":9,"s:16:4:16:Infinity":10,"s:19:28:30:Infinity":11,"f:19:28:19:29":2,"b:20:4:20:Infinity:undefined:undefined:undefined:undefined":2,"s:20:4:20:Infinity":12,"s:20:16:20:Infinity":13,"b:21:4:28:Infinity:undefined:undefined:undefined:undefined":3,"s:21:4:28:Infinity":14,"s:22:42:22:Infinity":15,"s:23:8:26:Infinity":16,"s:24:24:24:Infinity":17,"s:25:12:25:Infinity":18,"s:27:8:27:Infinity":19,"s:29:4:29:Infinity":20,"s:33:28:64:Infinity":21,"f:33:28:33:29":3,"b:33:63:33:69":4,"s:34:20:34:Infinity":22,"b:34:31:34:48:34:48:34:Infinity":5,"s:35:20:35:Infinity":23,"b:35:31:35:48:35:48:35:Infinity":6,"b:38:4:40:Infinity:undefined:undefined:undefined:undefined":7,"s:38:4:40:Infinity":24,"s:39:8:39:Infinity":25,"s:42:26:42:Infinity":26,"b:42:26:42:63:42:63:42:Infinity":8,"b:44:4:56:Infinity:undefined:undefined:undefined:undefined":9,"s:44:4:56:Infinity":27,"s:46:28:46:Infinity":28,"s:47:28:47:Infinity":29,"s:49:8:55:Infinity":30,"s:49:21:49:24":31,"s:50:27:50:Infinity":32,"b:50:27:50:45:50:45:50:Infinity":10,"s:51:27:51:Infinity":33,"b:51:27:51:45:51:45:51:Infinity":11,"b:52:12:54:Infinity:undefined:undefined:undefined:undefined":12,"s:52:12:54:Infinity":34,"s:53:16:53:Infinity":35,"b:59:4:61:Infinity:undefined:undefined:undefined:undefined":13,"s:59:4:61:Infinity":36,"s:60:8:60:Infinity":37,"s:63:4:63:Infinity":38,"s:67:26:89:Infinity":39,"f:67:26:67:27":4,"s:68:43:68:Infinity":40,"b:69:4:69:Infinity:undefined:undefined:undefined:undefined":14,"s:69:4:69:Infinity":41,"s:69:21:69:Infinity":42,"s:72:19:72:Infinity":43,"s:75:26:77:Infinity":44,"f:75:65:75:Infinity":5,"s:76:8:76:Infinity":45,"b:76:8:76:32:76:32:76:Infinity":15,"s:79:4:86:Infinity":46,"f:79:26:79:34":6,"s:80:8:85:Infinity":47,"f:80:23:80:30":7,"s:81:24:81:Infinity":48,"b:82:12:84:Infinity:undefined:undefined:undefined:undefined":16,"s:82:12:84:Infinity":49,"s:83:16:83:Infinity":50,"b:83:31:83:46:83:46:83:51":17,"s:88:4:88:Infinity":51,"s:91:43:170:Infinity":52,"f:91:43:91:44":8,"s:92:31:92:Infinity":53,"b:92:31:92:49:92:49:92:Infinity":18,"s:95:18:100:Infinity":54,"f:95:30:95:39":9,"s:95:39:100:6":55,"b:99:21:99:41:99:41:99:Infinity":19,"s:102:44:109:Infinity":56,"f:103:38:103:39":10,"s:103:50:108:10":57,"s:111:22:114:Infinity":58,"b:111:36:114:10:114:10:114:Infinity":20,"f:111:52:111:65":11,"s:111:65:114:6":59,"s:117:24:117:Infinity":60,"f:117:24:117:25":12,"s:117:41:117:Infinity":61,"f:117:57:117:65":13,"s:117:65:117:119":62,"b:117:65:117:91:117:91:117:119":21,"s:118:28:118:Infinity":63,"f:118:28:118:29":14,"s:118:45:118:Infinity":64,"f:118:65:118:71":15,"s:118:71:118:90":65,"s:121:4:154:Infinity":66,"f:121:35:121:43":16,"s:122:25:122:Infinity":67,"s:124:8:153:Infinity":68,"f:124:48:124:49":17,"s:125:31:125:Infinity":69,"s:126:27:126:Infinity":70,"b:126:27:126:61:126:61:126:Infinity":22,"s:129:25:129:Infinity":71,"b:130:12:134:Infinity:undefined:undefined:undefined:undefined":23,"s:130:12:134:Infinity":72,"b:132:16:133:Infinity:133:21:133:Infinity":24,"s:132:16:133:Infinity":73,"s:132:30:132:Infinity":74,"s:133:21:133:Infinity":75,"s:137:27:137:Infinity":76,"b:138:12:146:Infinity:undefined:undefined:undefined:undefined":25,"s:138:12:146:Infinity":77,"s:139:16:139:Infinity":78,"b:139:38:139:60:139:60:139:65":26,"b:141:16:145:Infinity:143:23:145:Infinity":27,"s:141:16:145:Infinity":79,"s:142:20:142:Infinity":80,"b:142:43:142:66:142:66:142:71":28,"s:144:20:144:Infinity":81,"b:144:42:144:64:144:64:144:69":29,"s:149:25:149:Infinity":82,"b:150:12:152:Infinity:undefined:undefined:undefined:undefined":30,"s:150:12:152:Infinity":83,"s:151:16:151:Infinity":84,"b:151:43:151:70:151:70:151:75":31,"s:157:4:167:Infinity":85,"f:157:18:157:26":18,"b:158:8:166:Infinity:undefined:undefined:undefined:undefined":32,"s:158:8:166:Infinity":86,"s:159:12:165:Infinity":87,"f:159:37:159:44":19,"b:160:16:164:Infinity:162:23:164:Infinity":33,"s:160:16:164:Infinity":88,"s:161:20:161:Infinity":89,"s:163:20:163:Infinity":90,"s:169:4:169:Infinity":91,"s:172:30:185:Infinity":92,"f:172:30:172:31":20,"b:174:8:175:Infinity:176:8:177:Infinity:178:8:179:Infinity:180:8:181:Infinity:182:8:183:Infinity":34,"s:173:4:184:Infinity":93,"s:175:12:175:Infinity":94,"s:177:12:177:Infinity":95,"s:179:12:179:Infinity":96,"s:181:12:181:Infinity":97,"s:183:12:183:Infinity":98,"s:186:32:197:Infinity":99,"f:186:32:186:33":21,"b:187:4:187:Infinity:undefined:undefined:undefined:undefined":35,"s:187:4:187:Infinity":100,"s:187:14:187:Infinity":101,"s:188:16:188:Infinity":102,"b:189:4:189:Infinity:undefined:undefined:undefined:undefined":36,"s:189:4:189:Infinity":103,"s:189:19:189:Infinity":104,"b:190:4:190:Infinity:undefined:undefined:undefined:undefined":37,"s:190:4:190:Infinity":105,"s:190:19:190:Infinity":106,"b:191:4:191:Infinity:undefined:undefined:undefined:undefined":38,"s:191:4:191:Infinity":107,"s:191:19:191:Infinity":108,"b:193:4:195:Infinity:undefined:undefined:undefined:undefined":39,"s:193:4:195:Infinity":109,"s:194:8:194:Infinity":110,"s:196:4:196:Infinity":111,"s:198:28:203:Infinity":112,"f:198:28:198:29":22,"b:199:4:199:Infinity:undefined:undefined:undefined:undefined":40,"s:199:4:199:Infinity":113,"s:199:19:199:Infinity":114,"b:200:4:200:Infinity:undefined:undefined:undefined:undefined":41,"s:200:4:200:Infinity":115,"s:200:19:200:Infinity":116,"b:201:4:201:Infinity:undefined:undefined:undefined:undefined":42,"s:201:4:201:Infinity":117,"s:201:19:201:Infinity":118,"s:202:4:202:Infinity":119,"s:204:17:212:Infinity":120,"f:204:17:204:18":23,"b:208:4:208:Infinity:undefined:undefined:undefined:undefined":43,"s:208:4:208:Infinity":121,"s:208:21:208:Infinity":122,"s:209:18:209:Infinity":123,"s:210:16:210:Infinity":124,"s:211:4:211:Infinity":125,"s:213:35:222:Infinity":126,"f:213:35:213:36":24,"s:218:17:218:Infinity":127,"b:219:4:219:Infinity:undefined:undefined:undefined:undefined":44,"s:219:4:219:Infinity":128,"b:219:8:219:17:219:17:219:35":45,"s:219:35:219:Infinity":129,"s:220:18:220:Infinity":130,"f:220:55:220:56":25,"s:220:69:220:84":131,"s:221:4:221:Infinity":132,"b:221:19:221:30:221:30:221:Infinity":46,"s:223:32:230:Infinity":133,"f:223:32:223:33":26,"s:227:17:227:Infinity":134,"b:228:4:228:Infinity:undefined:undefined:undefined:undefined":47,"s:228:4:228:Infinity":135,"s:228:15:228:Infinity":136,"s:229:4:229:Infinity":137,"s:232:29:234:Infinity":138,"f:232:29:232:30":27,"s:233:4:233:Infinity":139,"b:233:11:233:44:233:44:233:Infinity":48,"s:236:28:238:Infinity":140,"f:236:28:236:29":28,"s:237:4:237:Infinity":141,"b:237:11:237:43:237:43:237:Infinity":49}}}
}
